{"/home/travis/build/npmtest/node-npmtest-spacejam/test.js":{"path":"/home/travis/build/npmtest/node-npmtest-spacejam/test.js","s":{"1":2,"2":2,"3":2,"4":2,"5":2,"6":2,"7":2,"8":1,"9":2,"10":2,"11":1,"12":1,"13":1,"14":1,"15":2,"16":2,"17":2,"18":2,"19":1,"20":1,"21":2,"22":2,"23":2,"24":1,"25":1,"26":1,"27":1,"28":1,"29":1,"30":1,"31":1,"32":1,"33":1,"34":1,"35":1,"36":1,"37":1,"38":1,"39":2,"40":2,"41":1,"42":2,"43":2,"44":1,"45":2,"46":2,"47":1,"48":2,"49":2,"50":1,"51":1,"52":1,"53":1,"54":1},"b":{"1":[2,1,1,1],"2":[1,1,1,1],"3":[1,1],"4":[1,1],"5":[1,1],"6":[1,1],"7":[1,1],"8":[1,1],"9":[1,1],"10":[1,1,1],"11":[1,1],"12":[1,1],"13":[1,1],"14":[1,1],"15":[1,1],"16":[1,1],"17":[1,1]},"f":{"1":2,"2":2,"3":2,"4":2,"5":2,"6":1,"7":1,"8":1,"9":2,"10":2,"11":2,"12":2,"13":1},"fnMap":{"1":{"name":"(anonymous_1)","line":12,"loc":{"start":{"line":12,"column":1},"end":{"line":12,"column":13}}},"2":{"name":"(anonymous_2)","line":19,"loc":{"start":{"line":19,"column":5},"end":{"line":19,"column":17}}},"3":{"name":"(anonymous_3)","line":23,"loc":{"start":{"line":23,"column":24},"end":{"line":23,"column":36}}},"4":{"name":"(anonymous_4)","line":61,"loc":{"start":{"line":61,"column":5},"end":{"line":61,"column":17}}},"5":{"name":"(anonymous_5)","line":82,"loc":{"start":{"line":82,"column":5},"end":{"line":82,"column":17}}},"6":{"name":"(anonymous_6)","line":91,"loc":{"start":{"line":91,"column":77},"end":{"line":94,"column":10}}},"7":{"name":"(anonymous_7)","line":112,"loc":{"start":{"line":112,"column":83},"end":{"line":115,"column":10}},"skip":true},"8":{"name":"(anonymous_8)","line":123,"loc":{"start":{"line":123,"column":77},"end":{"line":126,"column":10}},"skip":true},"9":{"name":"(anonymous_9)","line":139,"loc":{"start":{"line":139,"column":12},"end":{"line":139,"column":40}},"skip":true},"10":{"name":"(anonymous_10)","line":147,"loc":{"start":{"line":147,"column":77},"end":{"line":150,"column":10}},"skip":true},"11":{"name":"(anonymous_11)","line":158,"loc":{"start":{"line":158,"column":83},"end":{"line":161,"column":10}},"skip":true},"12":{"name":"(anonymous_12)","line":169,"loc":{"start":{"line":169,"column":79},"end":{"line":172,"column":10}},"skip":true},"13":{"name":"(anonymous_13)","line":180,"loc":{"start":{"line":180,"column":75},"end":{"line":183,"column":10}},"skip":true}},"statementMap":{"1":{"start":{"line":12,"column":0},"end":{"line":195,"column":5}},"2":{"start":{"line":14,"column":4},"end":{"line":14,"column":14}},"3":{"start":{"line":19,"column":4},"end":{"line":56,"column":9}},"4":{"start":{"line":21,"column":8},"end":{"line":21,"column":19}},"5":{"start":{"line":23,"column":8},"end":{"line":35,"column":13}},"6":{"start":{"line":24,"column":12},"end":{"line":34,"column":13}},"7":{"start":{"line":25,"column":16},"end":{"line":28,"column":30}},"8":{"start":{"line":30,"column":16},"end":{"line":33,"column":27}},"9":{"start":{"line":37,"column":8},"end":{"line":39,"column":21}},"10":{"start":{"line":40,"column":8},"end":{"line":53,"column":9}},"11":{"start":{"line":43,"column":12},"end":{"line":46,"column":14}},"12":{"start":{"line":47,"column":12},"end":{"line":47,"column":18}},"13":{"start":{"line":50,"column":12},"end":{"line":51,"column":33}},"14":{"start":{"line":52,"column":12},"end":{"line":52,"column":18}},"15":{"start":{"line":55,"column":8},"end":{"line":55,"column":35}},"16":{"start":{"line":61,"column":4},"end":{"line":63,"column":9}},"17":{"start":{"line":62,"column":8},"end":{"line":62,"column":15}},"18":{"start":{"line":64,"column":4},"end":{"line":77,"column":5}},"19":{"start":{"line":70,"column":8},"end":{"line":70,"column":14}},"20":{"start":{"line":76,"column":8},"end":{"line":76,"column":14}},"21":{"start":{"line":82,"column":4},"end":{"line":84,"column":9}},"22":{"start":{"line":83,"column":8},"end":{"line":83,"column":15}},"23":{"start":{"line":85,"column":4},"end":{"line":194,"column":5}},"24":{"start":{"line":91,"column":8},"end":{"line":99,"column":10}},"25":{"start":{"line":98,"column":12},"end":{"line":98,"column":35}},"26":{"start":{"line":102,"column":8},"end":{"line":104,"column":63}},"27":{"start":{"line":105,"column":8},"end":{"line":105,"column":14}},"28":{"start":{"line":112,"column":8},"end":{"line":121,"column":10},"skip":true},"29":{"start":{"line":119,"column":12},"end":{"line":119,"column":55},"skip":true},"30":{"start":{"line":120,"column":12},"end":{"line":120,"column":48},"skip":true},"31":{"start":{"line":123,"column":8},"end":{"line":136,"column":10},"skip":true},"32":{"start":{"line":130,"column":12},"end":{"line":130,"column":76},"skip":true},"33":{"start":{"line":131,"column":12},"end":{"line":131,"column":73},"skip":true},"34":{"start":{"line":132,"column":12},"end":{"line":132,"column":74},"skip":true},"35":{"start":{"line":133,"column":12},"end":{"line":133,"column":79},"skip":true},"36":{"start":{"line":134,"column":12},"end":{"line":134,"column":25},"skip":true},"37":{"start":{"line":135,"column":12},"end":{"line":135,"column":45},"skip":true},"38":{"start":{"line":138,"column":8},"end":{"line":145,"column":14},"skip":true},"39":{"start":{"line":143,"column":16},"end":{"line":143,"column":29},"skip":true},"40":{"start":{"line":144,"column":16},"end":{"line":144,"column":55},"skip":true},"41":{"start":{"line":147,"column":8},"end":{"line":156,"column":10},"skip":true},"42":{"start":{"line":154,"column":12},"end":{"line":154,"column":25},"skip":true},"43":{"start":{"line":155,"column":12},"end":{"line":155,"column":45},"skip":true},"44":{"start":{"line":158,"column":8},"end":{"line":167,"column":10},"skip":true},"45":{"start":{"line":165,"column":12},"end":{"line":165,"column":25},"skip":true},"46":{"start":{"line":166,"column":12},"end":{"line":166,"column":48},"skip":true},"47":{"start":{"line":169,"column":8},"end":{"line":178,"column":10},"skip":true},"48":{"start":{"line":176,"column":12},"end":{"line":176,"column":25},"skip":true},"49":{"start":{"line":177,"column":12},"end":{"line":177,"column":46},"skip":true},"50":{"start":{"line":180,"column":8},"end":{"line":189,"column":10},"skip":true},"51":{"start":{"line":187,"column":12},"end":{"line":187,"column":94},"skip":true},"52":{"start":{"line":188,"column":12},"end":{"line":188,"column":48},"skip":true},"53":{"start":{"line":192,"column":8},"end":{"line":192,"column":35},"skip":true},"54":{"start":{"line":193,"column":8},"end":{"line":193,"column":14},"skip":true}},"branchMap":{"1":{"line":25,"type":"binary-expr","locations":[{"start":{"line":25,"column":23},"end":{"line":25,"column":62}},{"start":{"line":26,"column":20},"end":{"line":26,"column":70}},{"start":{"line":27,"column":20},"end":{"line":27,"column":71}},{"start":{"line":28,"column":20},"end":{"line":28,"column":29}}]},"2":{"line":30,"type":"binary-expr","locations":[{"start":{"line":30,"column":23},"end":{"line":30,"column":37}},{"start":{"line":31,"column":20},"end":{"line":31,"column":61}},{"start":{"line":32,"column":20},"end":{"line":32,"column":70}},{"start":{"line":33,"column":20},"end":{"line":33,"column":26}}]},"3":{"line":37,"type":"cond-expr","locations":[{"start":{"line":38,"column":14},"end":{"line":38,"column":20}},{"start":{"line":39,"column":14},"end":{"line":39,"column":20}}]},"4":{"line":40,"type":"switch","locations":[{"start":{"line":42,"column":8},"end":{"line":47,"column":18}},{"start":{"line":49,"column":8},"end":{"line":52,"column":18}}]},"5":{"line":44,"type":"binary-expr","locations":[{"start":{"line":44,"column":16},"end":{"line":44,"column":44}},{"start":{"line":44,"column":48},"end":{"line":44,"column":66}}]},"6":{"line":50,"type":"binary-expr","locations":[{"start":{"line":50,"column":21},"end":{"line":50,"column":49}},{"start":{"line":50,"column":53},"end":{"line":50,"column":72}}]},"7":{"line":64,"type":"switch","locations":[{"start":{"line":69,"column":4},"end":{"line":70,"column":14}},{"start":{"line":75,"column":4},"end":{"line":76,"column":14}}]},"8":{"line":85,"type":"switch","locations":[{"start":{"line":90,"column":4},"end":{"line":105,"column":14}},{"start":{"line":111,"column":4},"end":{"line":193,"column":14},"skip":true}]},"9":{"line":91,"type":"binary-expr","locations":[{"start":{"line":91,"column":42},"end":{"line":91,"column":73}},{"start":{"line":91,"column":77},"end":{"line":99,"column":9}}]},"10":{"line":102,"type":"binary-expr","locations":[{"start":{"line":102,"column":18},"end":{"line":102,"column":32}},{"start":{"line":103,"column":12},"end":{"line":103,"column":53}},{"start":{"line":104,"column":12},"end":{"line":104,"column":61}}]},"11":{"line":112,"type":"binary-expr","locations":[{"start":{"line":112,"column":45},"end":{"line":112,"column":79},"skip":true},{"start":{"line":112,"column":83},"end":{"line":121,"column":9},"skip":true}]},"12":{"line":123,"type":"binary-expr","locations":[{"start":{"line":123,"column":42},"end":{"line":123,"column":73},"skip":true},{"start":{"line":123,"column":77},"end":{"line":136,"column":9},"skip":true}]},"13":{"line":138,"type":"binary-expr","locations":[{"start":{"line":138,"column":48},"end":{"line":138,"column":85},"skip":true},{"start":{"line":139,"column":12},"end":{"line":145,"column":13},"skip":true}]},"14":{"line":147,"type":"binary-expr","locations":[{"start":{"line":147,"column":42},"end":{"line":147,"column":73},"skip":true},{"start":{"line":147,"column":77},"end":{"line":156,"column":9},"skip":true}]},"15":{"line":158,"type":"binary-expr","locations":[{"start":{"line":158,"column":45},"end":{"line":158,"column":79},"skip":true},{"start":{"line":158,"column":83},"end":{"line":167,"column":9},"skip":true}]},"16":{"line":169,"type":"binary-expr","locations":[{"start":{"line":169,"column":43},"end":{"line":169,"column":75},"skip":true},{"start":{"line":169,"column":79},"end":{"line":178,"column":9},"skip":true}]},"17":{"line":180,"type":"binary-expr","locations":[{"start":{"line":180,"column":41},"end":{"line":180,"column":71},"skip":true},{"start":{"line":180,"column":75},"end":{"line":189,"column":9},"skip":true}]}},"code":["/* istanbul instrument in package npmtest_spacejam */","/*jslint","    bitwise: true,","    browser: true,","    maxerr: 8,","    maxlen: 96,","    node: true,","    nomen: true,","    regexp: true,","    stupid: true","*/","(function () {","    'use strict';","    var local;","","","","    // run shared js-env code - pre-init","    (function () {","        // init local","        local = {};","        // init modeJs","        local.modeJs = (function () {","            try {","                return typeof navigator.userAgent === 'string' &&","                    typeof document.querySelector('body') === 'object' &&","                    typeof XMLHttpRequest.prototype.open === 'function' &&","                    'browser';","            } catch (errorCaughtBrowser) {","                return module.exports &&","                    typeof process.versions.node === 'string' &&","                    typeof require('http').createServer === 'function' &&","                    'node';","            }","        }());","        // init global","        local.global = local.modeJs === 'browser'","            ? window","            : global;","        switch (local.modeJs) {","        // re-init local from window.local","        case 'browser':","            local = local.global.utility2.objectSetDefault(","                local.global.utility2_rollup || local.global.local,","                local.global.utility2","            );","            break;","        // re-init local from example.js","        case 'node':","            local = (local.global.utility2_rollup || require('utility2'))","                .requireReadme();","            break;","        }","        // export local","        local.global.local = local;","    }());","","","","    // run shared js-env code - function","    (function () {","        return;","    }());","    switch (local.modeJs) {","","","","    // run browser js-env code - function","    case 'browser':","        break;","","","","    // run node js-env code - function","    case 'node':","        break;","    }","","","","    // run shared js-env code - post-init","    (function () {","        return;","    }());","    switch (local.modeJs) {","","","","    // run browser js-env code - post-init","    case 'browser':","        local.testCase_browser_nullCase = local.testCase_browser_nullCase || function (","            options,","            onError","        ) {","        /*","         * this function will test browsers's null-case handling-behavior-behavior","         */","            onError(null, options);","        };","","        // run tests","        local.nop(local.modeTest &&","            document.querySelector('#testRunButton1') &&","            document.querySelector('#testRunButton1').click());","        break;","","","","    // run node js-env code - post-init","    /* istanbul ignore next */","    case 'node':","        local.testCase_buildApidoc_default = local.testCase_buildApidoc_default || function (","            options,","            onError","        ) {","        /*","         * this function will test buildApidoc's default handling-behavior-behavior","         */","            options = { modulePathList: module.paths };","            local.buildApidoc(options, onError);","        };","","        local.testCase_buildApp_default = local.testCase_buildApp_default || function (","            options,","            onError","        ) {","        /*","         * this function will test buildApp's default handling-behavior-behavior","         */","            local.testCase_buildReadme_default(options, local.onErrorThrow);","            local.testCase_buildLib_default(options, local.onErrorThrow);","            local.testCase_buildTest_default(options, local.onErrorThrow);","            local.testCase_buildCustomOrg_default(options, local.onErrorThrow);","            options = [];","            local.buildApp(options, onError);","        };","","        local.testCase_buildCustomOrg_default = local.testCase_buildCustomOrg_default ||","            function (options, onError) {","            /*","             * this function will test buildCustomOrg's default handling-behavior","             */","                options = {};","                local.buildCustomOrg(options, onError);","            };","","        local.testCase_buildLib_default = local.testCase_buildLib_default || function (","            options,","            onError","        ) {","        /*","         * this function will test buildLib's default handling-behavior","         */","            options = {};","            local.buildLib(options, onError);","        };","","        local.testCase_buildReadme_default = local.testCase_buildReadme_default || function (","            options,","            onError","        ) {","        /*","         * this function will test buildReadme's default handling-behavior-behavior","         */","            options = {};","            local.buildReadme(options, onError);","        };","","        local.testCase_buildTest_default = local.testCase_buildTest_default || function (","            options,","            onError","        ) {","        /*","         * this function will test buildTest's default handling-behavior","         */","            options = {};","            local.buildTest(options, onError);","        };","","        local.testCase_webpage_default = local.testCase_webpage_default || function (","            options,","            onError","        ) {","        /*","         * this function will test webpage's default handling-behavior","         */","            options = { modeCoverageMerge: true, url: local.serverLocalHost + '?modeTest=1' };","            local.browserTest(options, onError);","        };","","        // run test-server","        local.testRunServer(local);","        break;","    }","}());",""],"l":{"12":2,"14":2,"19":2,"21":2,"23":2,"24":2,"25":2,"30":1,"37":2,"40":2,"43":1,"47":1,"50":1,"52":1,"55":2,"61":2,"62":2,"64":2,"70":1,"76":1,"82":2,"83":2,"85":2,"91":1,"98":1,"102":1,"105":1,"112":1,"119":1,"120":1,"123":1,"130":1,"131":1,"132":1,"133":1,"134":1,"135":1,"138":1,"143":2,"144":2,"147":1,"154":2,"155":2,"158":1,"165":2,"166":2,"169":1,"176":2,"177":2,"180":1,"187":1,"188":1,"192":1,"193":1}},"/home/travis/build/npmtest/node-npmtest-spacejam/lib.npmtest_spacejam.js":{"path":"/home/travis/build/npmtest/node-npmtest-spacejam/lib.npmtest_spacejam.js","s":{"1":2,"2":2,"3":2,"4":2,"5":2,"6":2,"7":2,"8":1,"9":2,"10":2,"11":2,"12":2,"13":1,"14":1,"15":1,"16":1},"b":{"1":[2,1,1,1],"2":[1,1,1,1],"3":[1,1],"4":[2,2],"5":[1,1]},"f":{"1":2,"2":2,"3":2},"fnMap":{"1":{"name":"(anonymous_1)","line":12,"loc":{"start":{"line":12,"column":1},"end":{"line":12,"column":13}}},"2":{"name":"(anonymous_2)","line":19,"loc":{"start":{"line":19,"column":5},"end":{"line":19,"column":17}}},"3":{"name":"(anonymous_3)","line":23,"loc":{"start":{"line":23,"column":24},"end":{"line":23,"column":36}}}},"statementMap":{"1":{"start":{"line":12,"column":0},"end":{"line":53,"column":5}},"2":{"start":{"line":14,"column":4},"end":{"line":14,"column":14}},"3":{"start":{"line":19,"column":4},"end":{"line":52,"column":9}},"4":{"start":{"line":21,"column":8},"end":{"line":21,"column":19}},"5":{"start":{"line":23,"column":8},"end":{"line":35,"column":13}},"6":{"start":{"line":24,"column":12},"end":{"line":34,"column":13}},"7":{"start":{"line":25,"column":16},"end":{"line":28,"column":30}},"8":{"start":{"line":30,"column":16},"end":{"line":33,"column":27}},"9":{"start":{"line":37,"column":8},"end":{"line":39,"column":21}},"10":{"start":{"line":41,"column":8},"end":{"line":41,"column":54}},"11":{"start":{"line":43,"column":8},"end":{"line":43,"column":53}},"12":{"start":{"line":45,"column":8},"end":{"line":51,"column":9}},"13":{"start":{"line":46,"column":12},"end":{"line":46,"column":59}},"14":{"start":{"line":48,"column":12},"end":{"line":48,"column":35}},"15":{"start":{"line":49,"column":12},"end":{"line":49,"column":49}},"16":{"start":{"line":50,"column":12},"end":{"line":50,"column":43}}},"branchMap":{"1":{"line":25,"type":"binary-expr","locations":[{"start":{"line":25,"column":23},"end":{"line":25,"column":62}},{"start":{"line":26,"column":20},"end":{"line":26,"column":70}},{"start":{"line":27,"column":20},"end":{"line":27,"column":71}},{"start":{"line":28,"column":20},"end":{"line":28,"column":29}}]},"2":{"line":30,"type":"binary-expr","locations":[{"start":{"line":30,"column":23},"end":{"line":30,"column":37}},{"start":{"line":31,"column":20},"end":{"line":31,"column":61}},{"start":{"line":32,"column":20},"end":{"line":32,"column":70}},{"start":{"line":33,"column":20},"end":{"line":33,"column":26}}]},"3":{"line":37,"type":"cond-expr","locations":[{"start":{"line":38,"column":14},"end":{"line":38,"column":20}},{"start":{"line":39,"column":14},"end":{"line":39,"column":20}}]},"4":{"line":41,"type":"binary-expr","locations":[{"start":{"line":41,"column":16},"end":{"line":41,"column":44}},{"start":{"line":41,"column":48},"end":{"line":41,"column":53}}]},"5":{"line":45,"type":"if","locations":[{"start":{"line":45,"column":8},"end":{"line":45,"column":8}},{"start":{"line":45,"column":8},"end":{"line":45,"column":8}}]}},"code":["/* istanbul instrument in package npmtest_spacejam */","/*jslint","    bitwise: true,","    browser: true,","    maxerr: 8,","    maxlen: 96,","    node: true,","    nomen: true,","    regexp: true,","    stupid: true","*/","(function () {","    'use strict';","    var local;","","","","    // run shared js-env code - pre-init","    (function () {","        // init local","        local = {};","        // init modeJs","        local.modeJs = (function () {","            try {","                return typeof navigator.userAgent === 'string' &&","                    typeof document.querySelector('body') === 'object' &&","                    typeof XMLHttpRequest.prototype.open === 'function' &&","                    'browser';","            } catch (errorCaughtBrowser) {","                return module.exports &&","                    typeof process.versions.node === 'string' &&","                    typeof require('http').createServer === 'function' &&","                    'node';","            }","        }());","        // init global","        local.global = local.modeJs === 'browser'","            ? window","            : global;","        // init utility2_rollup","        local = local.global.utility2_rollup || local;","        // init lib","        local.local = local.npmtest_spacejam = local;","        // init exports","        if (local.modeJs === 'browser') {","            local.global.utility2_npmtest_spacejam = local;","        } else {","            module.exports = local;","            module.exports.__dirname = __dirname;","            module.exports.module = module;","        }","    }());","}());",""],"l":{"12":2,"14":2,"19":2,"21":2,"23":2,"24":2,"25":2,"30":1,"37":2,"41":2,"43":2,"45":2,"46":1,"48":1,"49":1,"50":1}},"/home/travis/build/npmtest/node-npmtest-spacejam/example.js":{"path":"/home/travis/build/npmtest/node-npmtest-spacejam/example.js","s":{"1":2,"2":2,"3":2,"4":2,"5":2,"6":2,"7":2,"8":1,"9":2,"10":2,"11":2,"12":2,"13":1,"14":2,"15":2,"16":2,"17":2,"18":2,"19":0,"20":2,"21":1,"22":1,"23":1,"24":1,"25":1,"26":0,"27":0,"28":1,"29":1,"30":2,"31":0,"32":0,"33":0,"34":1,"35":2,"36":2,"37":3,"38":3,"39":3,"40":3,"41":0,"42":3,"43":3,"44":3,"45":1,"46":3,"47":1,"48":1,"49":1,"50":1,"51":1,"52":1,"53":1,"54":1,"55":1,"56":1,"57":0,"58":1,"59":6,"60":6,"61":1,"62":2,"63":0,"64":2,"65":1,"66":1,"67":0,"68":0,"69":0,"70":0,"71":0,"72":0,"73":0,"74":0,"75":0,"76":0,"77":0,"78":0,"79":0,"80":0,"81":0,"82":0,"83":0},"b":{"1":[2,1,1,1],"2":[1,1,1,1],"3":[1,1],"4":[2,2],"5":[1,1],"6":[1,1],"7":[2,0],"8":[2,1,1,1,1,1],"9":[0,2,0],"10":[1,1],"11":[2,1,1],"12":[1,0],"13":[0,2],"14":[2,0,0,0,0,0,0],"15":[0,3],"16":[3,0],"17":[1,1],"18":[0,1],"19":[1,2,0,2],"20":[1,0],"21":[1,1],"22":[0,0],"23":[0,0],"24":[0,0],"25":[0,0],"26":[0,0],"27":[0,0],"28":[0,0]},"f":{"1":2,"2":2,"3":2,"4":2,"5":2,"6":2,"7":3,"8":3,"9":3,"10":1,"11":6,"12":0},"fnMap":{"1":{"name":"(anonymous_1)","line":26,"loc":{"start":{"line":26,"column":1},"end":{"line":26,"column":13}}},"2":{"name":"(anonymous_2)","line":33,"loc":{"start":{"line":33,"column":5},"end":{"line":33,"column":17}}},"3":{"name":"(anonymous_3)","line":37,"loc":{"start":{"line":37,"column":24},"end":{"line":37,"column":36}}},"4":{"name":"(anonymous_4)","line":69,"loc":{"start":{"line":69,"column":31},"end":{"line":69,"column":48}},"skip":true},"5":{"name":"(anonymous_5)","line":78,"loc":{"start":{"line":78,"column":26},"end":{"line":78,"column":45}},"skip":true},"6":{"name":"(anonymous_6)","line":123,"loc":{"start":{"line":123,"column":33},"end":{"line":123,"column":48}},"skip":true},"7":{"name":"(anonymous_7)","line":125,"loc":{"start":{"line":125,"column":27},"end":{"line":125,"column":39}},"skip":true},"8":{"name":"(anonymous_8)","line":133,"loc":{"start":{"line":133,"column":59},"end":{"line":133,"column":74}},"skip":true},"9":{"name":"(anonymous_9)","line":143,"loc":{"start":{"line":143,"column":45},"end":{"line":143,"column":62}},"skip":true},"10":{"name":"(anonymous_10)","line":144,"loc":{"start":{"line":144,"column":73},"end":{"line":144,"column":92}},"skip":true},"11":{"name":"(anonymous_11)","line":272,"loc":{"start":{"line":272,"column":51},"end":{"line":272,"column":77}},"skip":true},"12":{"name":"(anonymous_12)","line":315,"loc":{"start":{"line":315,"column":32},"end":{"line":315,"column":61}},"skip":true}},"statementMap":{"1":{"start":{"line":26,"column":0},"end":{"line":326,"column":5}},"2":{"start":{"line":28,"column":4},"end":{"line":28,"column":14}},"3":{"start":{"line":33,"column":4},"end":{"line":60,"column":9}},"4":{"start":{"line":35,"column":8},"end":{"line":35,"column":19}},"5":{"start":{"line":37,"column":8},"end":{"line":49,"column":13}},"6":{"start":{"line":38,"column":12},"end":{"line":48,"column":13}},"7":{"start":{"line":39,"column":16},"end":{"line":42,"column":30}},"8":{"start":{"line":44,"column":16},"end":{"line":47,"column":27}},"9":{"start":{"line":51,"column":8},"end":{"line":53,"column":21}},"10":{"start":{"line":55,"column":8},"end":{"line":57,"column":45}},"11":{"start":{"line":59,"column":8},"end":{"line":59,"column":35}},"12":{"start":{"line":61,"column":4},"end":{"line":325,"column":5}},"13":{"start":{"line":69,"column":8},"end":{"line":121,"column":10},"skip":true},"14":{"start":{"line":70,"column":12},"end":{"line":88,"column":13},"skip":true},"15":{"start":{"line":76,"column":16},"end":{"line":87,"column":19},"skip":true},"16":{"start":{"line":79,"column":20},"end":{"line":86,"column":21},"skip":true},"17":{"start":{"line":82,"column":24},"end":{"line":82,"column":43},"skip":true},"18":{"start":{"line":83,"column":24},"end":{"line":83,"column":30},"skip":true},"19":{"start":{"line":85,"column":24},"end":{"line":85,"column":49},"skip":true},"20":{"start":{"line":89,"column":12},"end":{"line":107,"column":13},"skip":true},"21":{"start":{"line":92,"column":16},"end":{"line":102,"column":17},"skip":true},"22":{"start":{"line":93,"column":20},"end":{"line":93,"column":86},"skip":true},"23":{"start":{"line":94,"column":20},"end":{"line":95,"column":45},"skip":true},"24":{"start":{"line":96,"column":20},"end":{"line":96,"column":42},"skip":true},"25":{"start":{"line":97,"column":20},"end":{"line":97,"column":48},"skip":true},"26":{"start":{"line":100,"column":20},"end":{"line":100,"column":85},"skip":true},"27":{"start":{"line":101,"column":20},"end":{"line":101,"column":96},"skip":true},"28":{"start":{"line":103,"column":16},"end":{"line":103,"column":22},"skip":true},"29":{"start":{"line":106,"column":16},"end":{"line":106,"column":22},"skip":true},"30":{"start":{"line":108,"column":12},"end":{"line":120,"column":13},"skip":true},"31":{"start":{"line":114,"column":16},"end":{"line":119,"column":17},"skip":true},"32":{"start":{"line":116,"column":20},"end":{"line":116,"column":78},"skip":true},"33":{"start":{"line":118,"column":20},"end":{"line":118,"column":47},"skip":true},"34":{"start":{"line":123,"column":8},"end":{"line":141,"column":11},"skip":true},"35":{"start":{"line":124,"column":12},"end":{"line":124,"column":54},"skip":true},"36":{"start":{"line":125,"column":12},"end":{"line":140,"column":14},"skip":true},"37":{"start":{"line":126,"column":16},"end":{"line":126,"column":28},"skip":true},"38":{"start":{"line":127,"column":16},"end":{"line":127,"column":69},"skip":true},"39":{"start":{"line":128,"column":16},"end":{"line":128,"column":75},"skip":true},"40":{"start":{"line":129,"column":16},"end":{"line":131,"column":17},"skip":true},"41":{"start":{"line":130,"column":20},"end":{"line":130,"column":27},"skip":true},"42":{"start":{"line":133,"column":16},"end":{"line":137,"column":36},"skip":true},"43":{"start":{"line":134,"column":20},"end":{"line":136,"column":55},"skip":true},"44":{"start":{"line":139,"column":16},"end":{"line":139,"column":57},"skip":true},"45":{"start":{"line":143,"column":8},"end":{"line":147,"column":11},"skip":true},"46":{"start":{"line":144,"column":12},"end":{"line":146,"column":15},"skip":true},"47":{"start":{"line":145,"column":16},"end":{"line":145,"column":70},"skip":true},"48":{"start":{"line":149,"column":8},"end":{"line":149,"column":31},"skip":true},"49":{"start":{"line":150,"column":8},"end":{"line":150,"column":14},"skip":true},"50":{"start":{"line":158,"column":8},"end":{"line":158,"column":31},"skip":true},"51":{"start":{"line":160,"column":8},"end":{"line":160,"column":33},"skip":true},"52":{"start":{"line":161,"column":8},"end":{"line":161,"column":37},"skip":true},"53":{"start":{"line":162,"column":8},"end":{"line":162,"column":35},"skip":true},"54":{"start":{"line":164,"column":8},"end":{"line":164,"column":50},"skip":true},"55":{"start":{"line":166,"column":8},"end":{"line":256,"column":2},"skip":true},"56":{"start":{"line":258,"column":8},"end":{"line":286,"column":9},"skip":true},"57":{"start":{"line":259,"column":12},"end":{"line":269,"column":14},"skip":true},"58":{"start":{"line":271,"column":12},"end":{"line":285,"column":19},"skip":true},"59":{"start":{"line":274,"column":20},"end":{"line":274,"column":35},"skip":true},"60":{"start":{"line":275,"column":20},"end":{"line":284,"column":21},"skip":true},"61":{"start":{"line":277,"column":24},"end":{"line":277,"column":64},"skip":true},"62":{"start":{"line":279,"column":24},"end":{"line":279,"column":40},"skip":true},"63":{"start":{"line":281,"column":24},"end":{"line":281,"column":40},"skip":true},"64":{"start":{"line":283,"column":24},"end":{"line":283,"column":39},"skip":true},"65":{"start":{"line":288,"column":8},"end":{"line":290,"column":9},"skip":true},"66":{"start":{"line":289,"column":12},"end":{"line":289,"column":18},"skip":true},"67":{"start":{"line":291,"column":8},"end":{"line":293,"column":54},"skip":true},"68":{"start":{"line":296,"column":8},"end":{"line":301,"column":37},"skip":true},"69":{"start":{"line":303,"column":8},"end":{"line":303,"column":82},"skip":true},"70":{"start":{"line":306,"column":8},"end":{"line":308,"column":9},"skip":true},"71":{"start":{"line":307,"column":12},"end":{"line":307,"column":82},"skip":true},"72":{"start":{"line":310,"column":8},"end":{"line":312,"column":9},"skip":true},"73":{"start":{"line":311,"column":12},"end":{"line":311,"column":18},"skip":true},"74":{"start":{"line":313,"column":8},"end":{"line":313,"column":54},"skip":true},"75":{"start":{"line":314,"column":8},"end":{"line":314,"column":69},"skip":true},"76":{"start":{"line":315,"column":8},"end":{"line":323,"column":36},"skip":true},"77":{"start":{"line":316,"column":12},"end":{"line":316,"column":61},"skip":true},"78":{"start":{"line":317,"column":12},"end":{"line":320,"column":13},"skip":true},"79":{"start":{"line":318,"column":16},"end":{"line":318,"column":75},"skip":true},"80":{"start":{"line":319,"column":16},"end":{"line":319,"column":23},"skip":true},"81":{"start":{"line":321,"column":12},"end":{"line":321,"column":38},"skip":true},"82":{"start":{"line":322,"column":12},"end":{"line":322,"column":27},"skip":true},"83":{"start":{"line":324,"column":8},"end":{"line":324,"column":14},"skip":true}},"branchMap":{"1":{"line":39,"type":"binary-expr","locations":[{"start":{"line":39,"column":23},"end":{"line":39,"column":62}},{"start":{"line":40,"column":20},"end":{"line":40,"column":70}},{"start":{"line":41,"column":20},"end":{"line":41,"column":71}},{"start":{"line":42,"column":20},"end":{"line":42,"column":29}}]},"2":{"line":44,"type":"binary-expr","locations":[{"start":{"line":44,"column":23},"end":{"line":44,"column":37}},{"start":{"line":45,"column":20},"end":{"line":45,"column":61}},{"start":{"line":46,"column":20},"end":{"line":46,"column":70}},{"start":{"line":47,"column":20},"end":{"line":47,"column":26}}]},"3":{"line":51,"type":"cond-expr","locations":[{"start":{"line":52,"column":14},"end":{"line":52,"column":20}},{"start":{"line":53,"column":14},"end":{"line":53,"column":20}}]},"4":{"line":55,"type":"binary-expr","locations":[{"start":{"line":55,"column":16},"end":{"line":55,"column":44}},{"start":{"line":55,"column":49},"end":{"line":57,"column":43}}]},"5":{"line":55,"type":"cond-expr","locations":[{"start":{"line":56,"column":14},"end":{"line":56,"column":52}},{"start":{"line":57,"column":14},"end":{"line":57,"column":43}}]},"6":{"line":61,"type":"switch","locations":[{"start":{"line":68,"column":4},"end":{"line":150,"column":14},"skip":true},{"start":{"line":156,"column":4},"end":{"line":324,"column":14},"skip":true}]},"7":{"line":70,"type":"if","locations":[{"start":{"line":70,"column":12},"end":{"line":70,"column":12},"skip":true},{"start":{"line":70,"column":12},"end":{"line":70,"column":12},"skip":true}]},"8":{"line":70,"type":"binary-expr","locations":[{"start":{"line":70,"column":16},"end":{"line":70,"column":22},"skip":true},{"start":{"line":70,"column":27},"end":{"line":70,"column":32},"skip":true},{"start":{"line":71,"column":20},"end":{"line":71,"column":39},"skip":true},{"start":{"line":72,"column":20},"end":{"line":72,"column":49},"skip":true},{"start":{"line":73,"column":20},"end":{"line":73,"column":58},"skip":true},{"start":{"line":74,"column":20},"end":{"line":74,"column":69},"skip":true}]},"9":{"line":79,"type":"switch","locations":[{"start":{"line":80,"column":20},"end":{"line":80,"column":33},"skip":true},{"start":{"line":81,"column":20},"end":{"line":83,"column":30},"skip":true},{"start":{"line":84,"column":20},"end":{"line":85,"column":49},"skip":true}]},"10":{"line":89,"type":"switch","locations":[{"start":{"line":90,"column":12},"end":{"line":103,"column":22},"skip":true},{"start":{"line":105,"column":12},"end":{"line":106,"column":22},"skip":true}]},"11":{"line":89,"type":"binary-expr","locations":[{"start":{"line":89,"column":20},"end":{"line":89,"column":25},"skip":true},{"start":{"line":89,"column":29},"end":{"line":89,"column":48},"skip":true},{"start":{"line":89,"column":52},"end":{"line":89,"column":74},"skip":true}]},"12":{"line":92,"type":"if","locations":[{"start":{"line":92,"column":16},"end":{"line":92,"column":16},"skip":true},{"start":{"line":92,"column":16},"end":{"line":92,"column":16},"skip":true}]},"13":{"line":108,"type":"if","locations":[{"start":{"line":108,"column":12},"end":{"line":108,"column":12},"skip":true},{"start":{"line":108,"column":12},"end":{"line":108,"column":12},"skip":true}]},"14":{"line":108,"type":"binary-expr","locations":[{"start":{"line":108,"column":16},"end":{"line":108,"column":61},"skip":true},{"start":{"line":108,"column":66},"end":{"line":108,"column":72},"skip":true},{"start":{"line":108,"column":77},"end":{"line":108,"column":82},"skip":true},{"start":{"line":109,"column":20},"end":{"line":109,"column":39},"skip":true},{"start":{"line":110,"column":20},"end":{"line":110,"column":49},"skip":true},{"start":{"line":111,"column":20},"end":{"line":111,"column":58},"skip":true},{"start":{"line":112,"column":20},"end":{"line":112,"column":68},"skip":true}]},"15":{"line":129,"type":"if","locations":[{"start":{"line":129,"column":16},"end":{"line":129,"column":16},"skip":true},{"start":{"line":129,"column":16},"end":{"line":129,"column":16},"skip":true}]},"16":{"line":134,"type":"cond-expr","locations":[{"start":{"line":135,"column":26},"end":{"line":135,"column":29},"skip":true},{"start":{"line":136,"column":26},"end":{"line":136,"column":54},"skip":true}]},"17":{"line":164,"type":"binary-expr","locations":[{"start":{"line":164,"column":27},"end":{"line":164,"column":43},"skip":true},{"start":{"line":164,"column":47},"end":{"line":164,"column":49},"skip":true}]},"18":{"line":258,"type":"if","locations":[{"start":{"line":258,"column":8},"end":{"line":258,"column":8},"skip":true},{"start":{"line":258,"column":8},"end":{"line":258,"column":8},"skip":true}]},"19":{"line":275,"type":"switch","locations":[{"start":{"line":276,"column":20},"end":{"line":277,"column":64},"skip":true},{"start":{"line":278,"column":20},"end":{"line":279,"column":40},"skip":true},{"start":{"line":280,"column":20},"end":{"line":281,"column":40},"skip":true},{"start":{"line":282,"column":20},"end":{"line":283,"column":39},"skip":true}]},"20":{"line":288,"type":"if","locations":[{"start":{"line":288,"column":8},"end":{"line":288,"column":8},"skip":true},{"start":{"line":288,"column":8},"end":{"line":288,"column":8},"skip":true}]},"21":{"line":288,"type":"binary-expr","locations":[{"start":{"line":288,"column":12},"end":{"line":288,"column":40},"skip":true},{"start":{"line":288,"column":44},"end":{"line":288,"column":67},"skip":true}]},"22":{"line":292,"type":"binary-expr","locations":[{"start":{"line":292,"column":12},"end":{"line":292,"column":50},"skip":true},{"start":{"line":293,"column":12},"end":{"line":293,"column":53},"skip":true}]},"23":{"line":297,"type":"binary-expr","locations":[{"start":{"line":297,"column":12},"end":{"line":297,"column":66},"skip":true},{"start":{"line":298,"column":12},"end":{"line":301,"column":36},"skip":true}]},"24":{"line":303,"type":"binary-expr","locations":[{"start":{"line":303,"column":43},"end":{"line":303,"column":75},"skip":true},{"start":{"line":303,"column":79},"end":{"line":303,"column":81},"skip":true}]},"25":{"line":306,"type":"if","locations":[{"start":{"line":306,"column":8},"end":{"line":306,"column":8},"skip":true},{"start":{"line":306,"column":8},"end":{"line":306,"column":8},"skip":true}]},"26":{"line":310,"type":"if","locations":[{"start":{"line":310,"column":8},"end":{"line":310,"column":8},"skip":true},{"start":{"line":310,"column":8},"end":{"line":310,"column":8},"skip":true}]},"27":{"line":313,"type":"binary-expr","locations":[{"start":{"line":313,"column":27},"end":{"line":313,"column":43},"skip":true},{"start":{"line":313,"column":47},"end":{"line":313,"column":53},"skip":true}]},"28":{"line":317,"type":"if","locations":[{"start":{"line":317,"column":12},"end":{"line":317,"column":12},"skip":true},{"start":{"line":317,"column":12},"end":{"line":317,"column":12},"skip":true}]}},"code":["/*","example.js","","quickstart example","","instruction","    1. save this script as example.js","    2. run the shell command:","        $ npm install npmtest-spacejam && PORT=8081 node example.js","    3. play with the browser-demo on http://127.0.0.1:8081","*/","","","","/* istanbul instrument in package npmtest_spacejam */","/*jslint","    bitwise: true,","    browser: true,","    maxerr: 8,","    maxlen: 96,","    node: true,","    nomen: true,","    regexp: true,","    stupid: true","*/","(function () {","    'use strict';","    var local;","","","","    // run shared js-env code - pre-init","    (function () {","        // init local","        local = {};","        // init modeJs","        local.modeJs = (function () {","            try {","                return typeof navigator.userAgent === 'string' &&","                    typeof document.querySelector('body') === 'object' &&","                    typeof XMLHttpRequest.prototype.open === 'function' &&","                    'browser';","            } catch (errorCaughtBrowser) {","                return module.exports &&","                    typeof process.versions.node === 'string' &&","                    typeof require('http').createServer === 'function' &&","                    'node';","            }","        }());","        // init global","        local.global = local.modeJs === 'browser'","            ? window","            : global;","        // init utility2_rollup","        local = local.global.utility2_rollup || (local.modeJs === 'browser'","            ? local.global.utility2_npmtest_spacejam","            : global.utility2_moduleExports);","        // export local","        local.global.local = local;","    }());","    switch (local.modeJs) {","","","","    // post-init","    // run browser js-env code - post-init","    /* istanbul ignore next */","    case 'browser':","        local.testRunBrowser = function (event) {","            if (!event || (event &&","                    event.currentTarget &&","                    event.currentTarget.className &&","                    event.currentTarget.className.includes &&","                    event.currentTarget.className.includes('onreset'))) {","                // reset output","                Array.from(","                    document.querySelectorAll('body > .resettable')","                ).forEach(function (element) {","                    switch (element.tagName) {","                    case 'INPUT':","                    case 'TEXTAREA':","                        element.value = '';","                        break;","                    default:","                        element.textContent = '';","                    }","                });","            }","            switch (event && event.currentTarget && event.currentTarget.id) {","            case 'testRunButton1':","                // show tests","                if (document.querySelector('#testReportDiv1').style.display === 'none') {","                    document.querySelector('#testReportDiv1').style.display = 'block';","                    document.querySelector('#testRunButton1').textContent =","                        'hide internal test';","                    local.modeTest = true;","                    local.testRunDefault(local);","                // hide tests","                } else {","                    document.querySelector('#testReportDiv1').style.display = 'none';","                    document.querySelector('#testRunButton1').textContent = 'run internal test';","                }","                break;","            // custom-case","            default:","                break;","            }","            if (document.querySelector('#inputTextareaEval1') && (!event || (event &&","                    event.currentTarget &&","                    event.currentTarget.className &&","                    event.currentTarget.className.includes &&","                    event.currentTarget.className.includes('oneval')))) {","                // try to eval input-code","                try {","                    /*jslint evil: true*/","                    eval(document.querySelector('#inputTextareaEval1').value);","                } catch (errorCaught) {","                    console.error(errorCaught);","                }","            }","        };","        // log stderr and stdout to #outputTextareaStdout1","        ['error', 'log'].forEach(function (key) {","            console[key + '_original'] = console[key];","            console[key] = function () {","                var element;","                console[key + '_original'].apply(console, arguments);","                element = document.querySelector('#outputTextareaStdout1');","                if (!element) {","                    return;","                }","                // append text to #outputTextareaStdout1","                element.value += Array.from(arguments).map(function (arg) {","                    return typeof arg === 'string'","                        ? arg","                        : JSON.stringify(arg, null, 4);","                }).join(' ') + '\\n';","                // scroll textarea to bottom","                element.scrollTop = element.scrollHeight;","            };","        });","        // init event-handling","        ['change', 'click', 'keyup'].forEach(function (event) {","            Array.from(document.querySelectorAll('.on' + event)).forEach(function (element) {","                element.addEventListener(event, local.testRunBrowser);","            });","        });","        // run tests","        local.testRunBrowser();","        break;","","","","    // run node js-env code - post-init","    /* istanbul ignore next */","    case 'node':","        // export local","        module.exports = local;","        // require modules","        local.fs = require('fs');","        local.http = require('http');","        local.url = require('url');","        // init assets","        local.assetsDict = local.assetsDict || {};","        /* jslint-ignore-begin */","        local.assetsDict['/assets.index.template.html'] = '\\","<!doctype html>\\n\\","<html lang=\"en\">\\n\\","<head>\\n\\","<meta charset=\"UTF-8\">\\n\\","<meta name=\"viewport\" content=\"width=device-width, initial-scale=1\">\\n\\","<title>{{env.npm_package_name}} (v{{env.npm_package_version}})</title>\\n\\","<style>\\n\\","/*csslint\\n\\","    box-sizing: false,\\n\\","    universal-selector: false\\n\\","*/\\n\\","* {\\n\\","    box-sizing: border-box;\\n\\","}\\n\\","body {\\n\\","    background: #dde;\\n\\","    font-family: Arial, Helvetica, sans-serif;\\n\\","    margin: 2rem;\\n\\","}\\n\\","body > * {\\n\\","    margin-bottom: 1rem;\\n\\","}\\n\\",".utility2FooterDiv {\\n\\","    margin-top: 20px;\\n\\","    text-align: center;\\n\\","}\\n\\","</style>\\n\\","<style>\\n\\","/*csslint\\n\\","*/\\n\\","textarea {\\n\\","    font-family: monospace;\\n\\","    height: 10rem;\\n\\","    width: 100%;\\n\\","}\\n\\","textarea[readonly] {\\n\\","    background: #ddd;\\n\\","}\\n\\","</style>\\n\\","</head>\\n\\","<body>\\n\\","<!-- utility2-comment\\n\\","<div id=\"ajaxProgressDiv1\" style=\"background: #d00; height: 2px; left: 0; margin: 0; padding: 0; position: fixed; top: 0; transition: background 0.5s, width 1.5s; width: 25%;\"></div>\\n\\","utility2-comment -->\\n\\","<h1>\\n\\","<!-- utility2-comment\\n\\","    <a\\n\\","        {{#if env.npm_package_homepage}}\\n\\","        href=\"{{env.npm_package_homepage}}\"\\n\\","        {{/if env.npm_package_homepage}}\\n\\","        target=\"_blank\"\\n\\","    >\\n\\","utility2-comment -->\\n\\","        {{env.npm_package_name}} (v{{env.npm_package_version}})\\n\\","<!-- utility2-comment\\n\\","    </a>\\n\\","utility2-comment -->\\n\\","</h1>\\n\\","<h3>{{env.npm_package_description}}</h3>\\n\\","<!-- utility2-comment\\n\\","<h4><a download href=\"assets.app.js\">download standalone app</a></h4>\\n\\","<button class=\"onclick onreset\" id=\"testRunButton1\">run internal test</button><br>\\n\\","<div id=\"testReportDiv1\" style=\"display: none;\"></div>\\n\\","utility2-comment -->\\n\\","\\n\\","\\n\\","\\n\\","<label>stderr and stdout</label>\\n\\","<textarea class=\"resettable\" id=\"outputTextareaStdout1\" readonly></textarea>\\n\\","<!-- utility2-comment\\n\\","{{#if isRollup}}\\n\\","<script src=\"assets.app.js\"></script>\\n\\","{{#unless isRollup}}\\n\\","utility2-comment -->\\n\\","<script src=\"assets.utility2.rollup.js\"></script>\\n\\","<script src=\"jsonp.utility2._stateInit?callback=window.utility2._stateInit\"></script>\\n\\","<script src=\"assets.npmtest_spacejam.rollup.js\"></script>\\n\\","<script src=\"assets.example.js\"></script>\\n\\","<script src=\"assets.test.js\"></script>\\n\\","<!-- utility2-comment\\n\\","{{/if isRollup}}\\n\\","utility2-comment -->\\n\\","<div class=\"utility2FooterDiv\">\\n\\","    [ this app was created with\\n\\","    <a href=\"https://github.com/kaizhu256/node-utility2\" target=\"_blank\">utility2</a>\\n\\","    ]\\n\\","</div>\\n\\","</body>\\n\\","</html>\\n\\","';","        /* jslint-ignore-end */","        if (local.templateRender) {","            local.assetsDict['/'] = local.templateRender(","                local.assetsDict['/assets.index.template.html'],","                {","                    env: local.objectSetDefault(local.env, {","                        npm_package_description: 'the greatest app in the world!',","                        npm_package_name: 'my-app',","                        npm_package_nameAlias: 'my_app',","                        npm_package_version: '0.0.1'","                    })","                }","            );","        } else {","            local.assetsDict['/'] = local.assetsDict['/assets.index.template.html']","                .replace((/\\{\\{env\\.(\\w+?)\\}\\}/g), function (match0, match1) {","                    // jslint-hack","                    String(match0);","                    switch (match1) {","                    case 'npm_package_description':","                        return 'the greatest app in the world!';","                    case 'npm_package_name':","                        return 'my-app';","                    case 'npm_package_nameAlias':","                        return 'my_app';","                    case 'npm_package_version':","                        return '0.0.1';","                    }","                });","        }","        // run the cli","        if (local.global.utility2_rollup || module !== require.main) {","            break;","        }","        local.assetsDict['/assets.example.js'] =","            local.assetsDict['/assets.example.js'] ||","            local.fs.readFileSync(__filename, 'utf8');","        // bug-workaround - long $npm_package_buildCustomOrg","        /* jslint-ignore-begin */","        local.assetsDict['/assets.npmtest_spacejam.rollup.js'] =","            local.assetsDict['/assets.npmtest_spacejam.rollup.js'] ||","            local.fs.readFileSync(","                local.npmtest_spacejam.__dirname + '/lib.npmtest_spacejam.js',","                'utf8'","            ).replace((/^#!/), '//');","        /* jslint-ignore-end */","        local.assetsDict['/favicon.ico'] = local.assetsDict['/favicon.ico'] || '';","        // if $npm_config_timeout_exit exists,","        // then exit this process after $npm_config_timeout_exit ms","        if (Number(process.env.npm_config_timeout_exit)) {","            setTimeout(process.exit, Number(process.env.npm_config_timeout_exit));","        }","        // start server","        if (local.global.utility2_serverHttp1) {","            break;","        }","        process.env.PORT = process.env.PORT || '8081';","        console.error('server starting on port ' + process.env.PORT);","        local.http.createServer(function (request, response) {","            request.urlParsed = local.url.parse(request.url);","            if (local.assetsDict[request.urlParsed.pathname] !== undefined) {","                response.end(local.assetsDict[request.urlParsed.pathname]);","                return;","            }","            response.statusCode = 404;","            response.end();","        }).listen(process.env.PORT);","        break;","    }","}());",""],"l":{"26":2,"28":2,"33":2,"35":2,"37":2,"38":2,"39":2,"44":1,"51":2,"55":2,"59":2,"61":2,"69":1,"70":2,"76":2,"79":2,"82":2,"83":2,"85":1,"89":2,"92":1,"93":1,"94":1,"96":1,"97":1,"100":1,"101":1,"103":1,"106":1,"108":2,"114":1,"116":1,"118":1,"123":1,"124":2,"125":2,"126":3,"127":3,"128":3,"129":3,"130":1,"133":3,"134":3,"139":3,"143":1,"144":3,"145":1,"149":1,"150":1,"158":1,"160":1,"161":1,"162":1,"164":1,"166":1,"258":1,"259":1,"271":1,"274":6,"275":6,"277":1,"279":2,"281":1,"283":2,"288":1,"289":1,"291":1,"296":1,"303":1,"306":1,"307":1,"310":1,"311":1,"313":1,"314":1,"315":1,"316":1,"317":1,"318":1,"319":1,"321":1,"322":1,"324":1}},"/home/travis/build/npmtest/node-npmtest-spacejam/node_modules/spacejam/lib/main.js":{"path":"/home/travis/build/npmtest/node-npmtest-spacejam/node_modules/spacejam/lib/main.js","s":{"1":1,"2":1,"3":1,"4":1,"5":1,"6":1,"7":1},"b":{},"f":{"1":1},"fnMap":{"1":{"name":"(anonymous_1)","line":2,"loc":{"start":{"line":2,"column":1},"end":{"line":2,"column":12}}}},"statementMap":{"1":{"start":{"line":2,"column":0},"end":{"line":15,"column":14}},"2":{"start":{"line":3,"column":2},"end":{"line":3,"column":17}},"3":{"start":{"line":5,"column":2},"end":{"line":5,"column":18}},"4":{"start":{"line":7,"column":2},"end":{"line":7,"column":46}},"5":{"start":{"line":9,"column":2},"end":{"line":9,"column":42}},"6":{"start":{"line":11,"column":2},"end":{"line":11,"column":48}},"7":{"start":{"line":13,"column":2},"end":{"line":13,"column":30}}},"branchMap":{},"code":["// Generated by CoffeeScript 1.8.0","(function() {","  var npmExports;","","  npmExports = {};","","  npmExports.Spacejam = require(\"./Spacejam\");","","  npmExports.Meteor = require(\"./Meteor\");","","  npmExports.Phantomjs = require(\"./Phantomjs\");","","  module.exports = npmExports;","","}).call(this);",""],"l":{"2":1,"3":1,"5":1,"7":1,"9":1,"11":1,"13":1}},"/home/travis/build/npmtest/node-npmtest-spacejam/node_modules/spacejam/lib/Spacejam.js":{"path":"/home/travis/build/npmtest/node-npmtest-spacejam/node_modules/spacejam/lib/Spacejam.js","s":{"1":1,"2":1,"3":0,"4":0,"5":1,"6":5,"7":5,"8":1,"9":1,"10":1,"11":1,"12":1,"13":1,"14":1,"15":1,"16":1,"17":1,"18":1,"19":1,"20":1,"21":1,"22":1,"23":1,"24":1,"25":1,"26":0,"27":1,"28":0,"29":1,"30":1,"31":1,"32":1,"33":1,"34":1,"35":1,"36":1,"37":0,"38":0,"39":1,"40":0,"41":0,"42":0,"43":0,"44":0,"45":0,"46":0,"47":0,"48":0,"49":0,"50":0,"51":0,"52":0,"53":0,"54":0,"55":0,"56":0,"57":0,"58":0,"59":0,"60":0,"61":0,"62":0,"63":0,"64":0,"65":0,"66":0,"67":0,"68":0,"69":0,"70":0,"71":0,"72":0,"73":0,"74":0,"75":0,"76":0,"77":0,"78":0,"79":0,"80":0,"81":0,"82":0,"83":0,"84":0,"85":0,"86":0,"87":0,"88":0,"89":0,"90":0,"91":0,"92":0,"93":0,"94":0,"95":0,"96":0,"97":0,"98":0,"99":1,"100":0,"101":0,"102":0,"103":0,"104":0,"105":0,"106":0,"107":0,"108":0,"109":0,"110":0,"111":0,"112":0,"113":0,"114":0,"115":0,"116":0,"117":0,"118":0,"119":0,"120":0,"121":1,"122":0,"123":0,"124":1,"125":0,"126":0,"127":0,"128":0,"129":0,"130":0,"131":0,"132":0,"133":0,"134":0,"135":0,"136":0,"137":1,"138":0,"139":0,"140":0,"141":0,"142":0,"143":0,"144":0,"145":0,"146":0,"147":0,"148":1,"149":1},"b":{"1":[5,0],"2":[0,0],"3":[0,0],"4":[0,0],"5":[0,0],"6":[0,0],"7":[0,0],"8":[0,0],"9":[0,0],"10":[0,0],"11":[0,0],"12":[0,0],"13":[0,0],"14":[0,0],"15":[0,0],"16":[0,0],"17":[0,0],"18":[0,0],"19":[0,0],"20":[0,0]},"f":{"1":1,"2":0,"3":0,"4":1,"5":1,"6":1,"7":0,"8":0,"9":0,"10":0,"11":0,"12":0,"13":0,"14":0,"15":0,"16":0,"17":0,"18":0,"19":0,"20":0,"21":0,"22":0,"23":0,"24":0,"25":0,"26":0,"27":0,"28":0},"fnMap":{"1":{"name":"(anonymous_1)","line":2,"loc":{"start":{"line":2,"column":1},"end":{"line":2,"column":12}}},"2":{"name":"(anonymous_2)","line":4,"loc":{"start":{"line":4,"column":13},"end":{"line":4,"column":29}}},"3":{"name":"(anonymous_3)","line":4,"loc":{"start":{"line":4,"column":38},"end":{"line":4,"column":48}}},"4":{"name":"(anonymous_4)","line":6,"loc":{"start":{"line":6,"column":16},"end":{"line":6,"column":40}}},"5":{"name":"ctor","line":6,"loc":{"start":{"line":6,"column":129},"end":{"line":6,"column":145}}},"6":{"name":"(anonymous_6)","line":22,"loc":{"start":{"line":22,"column":14},"end":{"line":22,"column":31}}},"7":{"name":"(anonymous_7)","line":29,"loc":{"start":{"line":29,"column":19},"end":{"line":29,"column":30}}},"8":{"name":"(anonymous_8)","line":33,"loc":{"start":{"line":33,"column":40},"end":{"line":33,"column":51}}},"9":{"name":"Spacejam","line":61,"loc":{"start":{"line":61,"column":4},"end":{"line":61,"column":24}}},"10":{"name":"(anonymous_10)","line":66,"loc":{"start":{"line":66,"column":34},"end":{"line":66,"column":61}}},"11":{"name":"(anonymous_11)","line":92,"loc":{"start":{"line":92,"column":30},"end":{"line":92,"column":46}}},"12":{"name":"(anonymous_12)","line":93,"loc":{"start":{"line":93,"column":15},"end":{"line":93,"column":30}}},"13":{"name":"(anonymous_13)","line":101,"loc":{"start":{"line":101,"column":39},"end":{"line":101,"column":55}}},"14":{"name":"(anonymous_14)","line":102,"loc":{"start":{"line":102,"column":15},"end":{"line":102,"column":26}}},"15":{"name":"(anonymous_15)","line":108,"loc":{"start":{"line":108,"column":31},"end":{"line":108,"column":47}}},"16":{"name":"(anonymous_16)","line":109,"loc":{"start":{"line":109,"column":15},"end":{"line":109,"column":26}}},"17":{"name":"(anonymous_17)","line":118,"loc":{"start":{"line":118,"column":31},"end":{"line":118,"column":47}}},"18":{"name":"(anonymous_18)","line":119,"loc":{"start":{"line":119,"column":15},"end":{"line":119,"column":26}}},"19":{"name":"(anonymous_19)","line":135,"loc":{"start":{"line":135,"column":20},"end":{"line":135,"column":36}}},"20":{"name":"(anonymous_20)","line":136,"loc":{"start":{"line":136,"column":17},"end":{"line":136,"column":28}}},"21":{"name":"(anonymous_21)","line":143,"loc":{"start":{"line":143,"column":27},"end":{"line":143,"column":43}}},"22":{"name":"(anonymous_22)","line":144,"loc":{"start":{"line":144,"column":17},"end":{"line":144,"column":28}}},"23":{"name":"(anonymous_23)","line":151,"loc":{"start":{"line":151,"column":36},"end":{"line":151,"column":47}}},"24":{"name":"(anonymous_24)","line":168,"loc":{"start":{"line":168,"column":33},"end":{"line":168,"column":49}}},"25":{"name":"(anonymous_25)","line":169,"loc":{"start":{"line":169,"column":15},"end":{"line":169,"column":38}}},"26":{"name":"(anonymous_26)","line":183,"loc":{"start":{"line":183,"column":49},"end":{"line":183,"column":60}}},"27":{"name":"(anonymous_27)","line":188,"loc":{"start":{"line":188,"column":38},"end":{"line":188,"column":53}}},"28":{"name":"(anonymous_28)","line":207,"loc":{"start":{"line":207,"column":30},"end":{"line":207,"column":45}}}},"statementMap":{"1":{"start":{"line":2,"column":0},"end":{"line":227,"column":14}},"2":{"start":{"line":3,"column":2},"end":{"line":6,"column":292}},"3":{"start":{"line":4,"column":31},"end":{"line":4,"column":84}},"4":{"start":{"line":4,"column":50},"end":{"line":4,"column":81}},"5":{"start":{"line":6,"column":42},"end":{"line":6,"column":128}},"6":{"start":{"line":6,"column":68},"end":{"line":6,"column":126}},"7":{"start":{"line":6,"column":101},"end":{"line":6,"column":126}},"8":{"start":{"line":6,"column":129},"end":{"line":6,"column":174}},"9":{"start":{"line":6,"column":147},"end":{"line":6,"column":172}},"10":{"start":{"line":6,"column":175},"end":{"line":6,"column":209}},"11":{"start":{"line":6,"column":210},"end":{"line":6,"column":239}},"12":{"start":{"line":6,"column":240},"end":{"line":6,"column":275}},"13":{"start":{"line":6,"column":276},"end":{"line":6,"column":289}},"14":{"start":{"line":8,"column":2},"end":{"line":8,"column":19}},"15":{"start":{"line":10,"column":2},"end":{"line":10,"column":34}},"16":{"start":{"line":12,"column":2},"end":{"line":12,"column":28}},"17":{"start":{"line":14,"column":2},"end":{"line":14,"column":48}},"18":{"start":{"line":16,"column":2},"end":{"line":16,"column":31}},"19":{"start":{"line":18,"column":2},"end":{"line":18,"column":37}},"20":{"start":{"line":20,"column":2},"end":{"line":20,"column":45}},"21":{"start":{"line":22,"column":2},"end":{"line":223,"column":19}},"22":{"start":{"line":23,"column":4},"end":{"line":23,"column":17}},"23":{"start":{"line":25,"column":4},"end":{"line":25,"column":32}},"24":{"start":{"line":27,"column":4},"end":{"line":27,"column":20}},"25":{"start":{"line":29,"column":4},"end":{"line":31,"column":6}},"26":{"start":{"line":30,"column":6},"end":{"line":30,"column":69}},"27":{"start":{"line":33,"column":4},"end":{"line":38,"column":6}},"28":{"start":{"line":34,"column":6},"end":{"line":37,"column":8}},"29":{"start":{"line":40,"column":4},"end":{"line":40,"column":37}},"30":{"start":{"line":42,"column":4},"end":{"line":42,"column":60}},"31":{"start":{"line":44,"column":4},"end":{"line":44,"column":40}},"32":{"start":{"line":46,"column":4},"end":{"line":46,"column":39}},"33":{"start":{"line":48,"column":4},"end":{"line":48,"column":46}},"34":{"start":{"line":50,"column":4},"end":{"line":57,"column":6}},"35":{"start":{"line":59,"column":4},"end":{"line":59,"column":250}},"36":{"start":{"line":61,"column":4},"end":{"line":64,"column":5}},"37":{"start":{"line":62,"column":6},"end":{"line":62,"column":80}},"38":{"start":{"line":63,"column":6},"end":{"line":63,"column":42}},"39":{"start":{"line":66,"column":4},"end":{"line":149,"column":6}},"40":{"start":{"line":67,"column":6},"end":{"line":67,"column":14}},"41":{"start":{"line":68,"column":6},"end":{"line":70,"column":7}},"42":{"start":{"line":69,"column":8},"end":{"line":69,"column":21}},"43":{"start":{"line":71,"column":6},"end":{"line":71,"column":52}},"44":{"start":{"line":72,"column":6},"end":{"line":72,"column":41}},"45":{"start":{"line":73,"column":6},"end":{"line":73,"column":40}},"46":{"start":{"line":74,"column":6},"end":{"line":76,"column":7}},"47":{"start":{"line":75,"column":8},"end":{"line":75,"column":50}},"48":{"start":{"line":77,"column":6},"end":{"line":79,"column":7}},"49":{"start":{"line":78,"column":8},"end":{"line":78,"column":66}},"50":{"start":{"line":80,"column":6},"end":{"line":80,"column":69}},"51":{"start":{"line":81,"column":6},"end":{"line":81,"column":62}},"52":{"start":{"line":82,"column":6},"end":{"line":82,"column":30}},"53":{"start":{"line":83,"column":6},"end":{"line":91,"column":7}},"54":{"start":{"line":84,"column":8},"end":{"line":84,"column":35}},"55":{"start":{"line":85,"column":8},"end":{"line":85,"column":41}},"56":{"start":{"line":87,"column":8},"end":{"line":87,"column":21}},"57":{"start":{"line":88,"column":8},"end":{"line":88,"column":27}},"58":{"start":{"line":89,"column":8},"end":{"line":89,"column":29}},"59":{"start":{"line":90,"column":8},"end":{"line":90,"column":15}},"60":{"start":{"line":92,"column":6},"end":{"line":100,"column":16}},"61":{"start":{"line":93,"column":8},"end":{"line":99,"column":10}},"62":{"start":{"line":94,"column":10},"end":{"line":94,"column":61}},"63":{"start":{"line":95,"column":10},"end":{"line":95,"column":30}},"64":{"start":{"line":96,"column":10},"end":{"line":98,"column":11}},"65":{"start":{"line":97,"column":12},"end":{"line":97,"column":66}},"66":{"start":{"line":101,"column":6},"end":{"line":107,"column":16}},"67":{"start":{"line":102,"column":8},"end":{"line":106,"column":10}},"68":{"start":{"line":103,"column":10},"end":{"line":103,"column":56}},"69":{"start":{"line":104,"column":10},"end":{"line":104,"column":52}},"70":{"start":{"line":105,"column":10},"end":{"line":105,"column":85}},"71":{"start":{"line":108,"column":6},"end":{"line":117,"column":16}},"72":{"start":{"line":109,"column":8},"end":{"line":116,"column":10}},"73":{"start":{"line":110,"column":10},"end":{"line":110,"column":50}},"74":{"start":{"line":111,"column":10},"end":{"line":111,"column":48}},"75":{"start":{"line":112,"column":10},"end":{"line":112,"column":26}},"76":{"start":{"line":113,"column":10},"end":{"line":113,"column":27}},"77":{"start":{"line":114,"column":10},"end":{"line":114,"column":28}},"78":{"start":{"line":115,"column":10},"end":{"line":115,"column":36}},"79":{"start":{"line":118,"column":6},"end":{"line":125,"column":16}},"80":{"start":{"line":119,"column":8},"end":{"line":124,"column":10}},"81":{"start":{"line":120,"column":10},"end":{"line":120,"column":51}},"82":{"start":{"line":121,"column":10},"end":{"line":123,"column":11}},"83":{"start":{"line":122,"column":12},"end":{"line":122,"column":66}},"84":{"start":{"line":126,"column":6},"end":{"line":133,"column":7}},"85":{"start":{"line":127,"column":8},"end":{"line":127,"column":58}},"86":{"start":{"line":129,"column":8},"end":{"line":129,"column":21}},"87":{"start":{"line":130,"column":8},"end":{"line":130,"column":27}},"88":{"start":{"line":131,"column":8},"end":{"line":131,"column":29}},"89":{"start":{"line":132,"column":8},"end":{"line":132,"column":15}},"90":{"start":{"line":134,"column":6},"end":{"line":141,"column":7}},"91":{"start":{"line":135,"column":8},"end":{"line":140,"column":36}},"92":{"start":{"line":136,"column":10},"end":{"line":139,"column":12}},"93":{"start":{"line":137,"column":12},"end":{"line":137,"column":102}},"94":{"start":{"line":138,"column":12},"end":{"line":138,"column":66}},"95":{"start":{"line":142,"column":6},"end":{"line":148,"column":7}},"96":{"start":{"line":143,"column":8},"end":{"line":147,"column":52}},"97":{"start":{"line":144,"column":10},"end":{"line":146,"column":12}},"98":{"start":{"line":145,"column":12},"end":{"line":145,"column":58}},"99":{"start":{"line":151,"column":4},"end":{"line":181,"column":6}},"100":{"start":{"line":152,"column":6},"end":{"line":152,"column":43}},"101":{"start":{"line":153,"column":6},"end":{"line":153,"column":41}},"102":{"start":{"line":154,"column":6},"end":{"line":154,"column":38}},"103":{"start":{"line":155,"column":6},"end":{"line":155,"column":55}},"104":{"start":{"line":156,"column":6},"end":{"line":156,"column":57}},"105":{"start":{"line":157,"column":6},"end":{"line":157,"column":56}},"106":{"start":{"line":158,"column":6},"end":{"line":158,"column":44}},"107":{"start":{"line":159,"column":6},"end":{"line":167,"column":7}},"108":{"start":{"line":160,"column":8},"end":{"line":160,"column":23}},"109":{"start":{"line":161,"column":8},"end":{"line":161,"column":34}},"110":{"start":{"line":162,"column":8},"end":{"line":164,"column":10}},"111":{"start":{"line":166,"column":8},"end":{"line":166,"column":23}},"112":{"start":{"line":168,"column":6},"end":{"line":179,"column":16}},"113":{"start":{"line":169,"column":8},"end":{"line":178,"column":10}},"114":{"start":{"line":170,"column":10},"end":{"line":170,"column":19}},"115":{"start":{"line":171,"column":10},"end":{"line":171,"column":33}},"116":{"start":{"line":172,"column":10},"end":{"line":174,"column":11}},"117":{"start":{"line":173,"column":12},"end":{"line":173,"column":24}},"118":{"start":{"line":175,"column":10},"end":{"line":177,"column":11}},"119":{"start":{"line":176,"column":12},"end":{"line":176,"column":36}},"120":{"start":{"line":180,"column":6},"end":{"line":180,"column":181}},"121":{"start":{"line":183,"column":4},"end":{"line":186,"column":6}},"122":{"start":{"line":184,"column":6},"end":{"line":184,"column":69}},"123":{"start":{"line":185,"column":6},"end":{"line":185,"column":46}},"124":{"start":{"line":188,"column":4},"end":{"line":205,"column":6}},"125":{"start":{"line":189,"column":6},"end":{"line":189,"column":22}},"126":{"start":{"line":190,"column":6},"end":{"line":192,"column":7}},"127":{"start":{"line":191,"column":8},"end":{"line":191,"column":17}},"128":{"start":{"line":193,"column":6},"end":{"line":193,"column":54}},"129":{"start":{"line":194,"column":6},"end":{"line":194,"column":58}},"130":{"start":{"line":195,"column":6},"end":{"line":202,"column":7}},"131":{"start":{"line":196,"column":8},"end":{"line":198,"column":9}},"132":{"start":{"line":197,"column":10},"end":{"line":197,"column":22}},"133":{"start":{"line":199,"column":8},"end":{"line":201,"column":9}},"134":{"start":{"line":200,"column":10},"end":{"line":200,"column":23}},"135":{"start":{"line":203,"column":6},"end":{"line":203,"column":33}},"136":{"start":{"line":204,"column":6},"end":{"line":204,"column":29}},"137":{"start":{"line":207,"column":4},"end":{"line":219,"column":6}},"138":{"start":{"line":208,"column":6},"end":{"line":208,"column":15}},"139":{"start":{"line":209,"column":6},"end":{"line":209,"column":46}},"140":{"start":{"line":210,"column":6},"end":{"line":210,"column":58}},"141":{"start":{"line":211,"column":6},"end":{"line":211,"column":69}},"142":{"start":{"line":212,"column":6},"end":{"line":212,"column":100}},"143":{"start":{"line":213,"column":6},"end":{"line":213,"column":102}},"144":{"start":{"line":214,"column":6},"end":{"line":216,"column":7}},"145":{"start":{"line":215,"column":8},"end":{"line":215,"column":32}},"146":{"start":{"line":217,"column":6},"end":{"line":217,"column":83}},"147":{"start":{"line":218,"column":6},"end":{"line":218,"column":34}},"148":{"start":{"line":221,"column":4},"end":{"line":221,"column":20}},"149":{"start":{"line":225,"column":2},"end":{"line":225,"column":28}}},"branchMap":{"1":{"line":6,"type":"if","locations":[{"start":{"line":6,"column":68},"end":{"line":6,"column":68}},{"start":{"line":6,"column":68},"end":{"line":6,"column":68}}]},"2":{"line":30,"type":"cond-expr","locations":[{"start":{"line":30,"column":32},"end":{"line":30,"column":40}},{"start":{"line":30,"column":43},"end":{"line":30,"column":68}}]},"3":{"line":68,"type":"if","locations":[{"start":{"line":68,"column":6},"end":{"line":68,"column":6}},{"start":{"line":68,"column":6},"end":{"line":68,"column":6}}]},"4":{"line":74,"type":"if","locations":[{"start":{"line":74,"column":6},"end":{"line":74,"column":6}},{"start":{"line":74,"column":6},"end":{"line":74,"column":6}}]},"5":{"line":77,"type":"if","locations":[{"start":{"line":77,"column":6},"end":{"line":77,"column":6}},{"start":{"line":77,"column":6},"end":{"line":77,"column":6}}]},"6":{"line":96,"type":"if","locations":[{"start":{"line":96,"column":10},"end":{"line":96,"column":10}},{"start":{"line":96,"column":10},"end":{"line":96,"column":10}}]},"7":{"line":121,"type":"if","locations":[{"start":{"line":121,"column":10},"end":{"line":121,"column":10}},{"start":{"line":121,"column":10},"end":{"line":121,"column":10}}]},"8":{"line":134,"type":"if","locations":[{"start":{"line":134,"column":6},"end":{"line":134,"column":6}},{"start":{"line":134,"column":6},"end":{"line":134,"column":6}}]},"9":{"line":134,"type":"binary-expr","locations":[{"start":{"line":134,"column":11},"end":{"line":134,"column":39}},{"start":{"line":134,"column":44},"end":{"line":134,"column":69}}]},"10":{"line":142,"type":"if","locations":[{"start":{"line":142,"column":6},"end":{"line":142,"column":6}},{"start":{"line":142,"column":6},"end":{"line":142,"column":6}}]},"11":{"line":142,"type":"binary-expr","locations":[{"start":{"line":142,"column":11},"end":{"line":142,"column":55}},{"start":{"line":142,"column":60},"end":{"line":142,"column":101}}]},"12":{"line":159,"type":"if","locations":[{"start":{"line":159,"column":6},"end":{"line":159,"column":6}},{"start":{"line":159,"column":6},"end":{"line":159,"column":6}}]},"13":{"line":172,"type":"if","locations":[{"start":{"line":172,"column":10},"end":{"line":172,"column":10}},{"start":{"line":172,"column":10},"end":{"line":172,"column":10}}]},"14":{"line":175,"type":"if","locations":[{"start":{"line":175,"column":10},"end":{"line":175,"column":10}},{"start":{"line":175,"column":10},"end":{"line":175,"column":10}}]},"15":{"line":190,"type":"if","locations":[{"start":{"line":190,"column":6},"end":{"line":190,"column":6}},{"start":{"line":190,"column":6},"end":{"line":190,"column":6}}]},"16":{"line":195,"type":"if","locations":[{"start":{"line":195,"column":6},"end":{"line":195,"column":6}},{"start":{"line":195,"column":6},"end":{"line":195,"column":6}}]},"17":{"line":196,"type":"if","locations":[{"start":{"line":196,"column":8},"end":{"line":196,"column":8}},{"start":{"line":196,"column":8},"end":{"line":196,"column":8}}]},"18":{"line":199,"type":"if","locations":[{"start":{"line":199,"column":8},"end":{"line":199,"column":8}},{"start":{"line":199,"column":8},"end":{"line":199,"column":8}}]},"19":{"line":212,"type":"cond-expr","locations":[{"start":{"line":212,"column":73},"end":{"line":212,"column":90}},{"start":{"line":212,"column":93},"end":{"line":212,"column":99}}]},"20":{"line":214,"type":"if","locations":[{"start":{"line":214,"column":6},"end":{"line":214,"column":6}},{"start":{"line":214,"column":6},"end":{"line":214,"column":6}}]}},"code":["// Generated by CoffeeScript 1.8.0","(function() {","  var EventEmitter, Meteor, Phantomjs, Spacejam, XunitFilePipe, expect, _,","    __bind = function(fn, me){ return function(){ return fn.apply(me, arguments); }; },","    __hasProp = {}.hasOwnProperty,","    __extends = function(child, parent) { for (var key in parent) { if (__hasProp.call(parent, key)) child[key] = parent[key]; } function ctor() { this.constructor = child; } ctor.prototype = parent.prototype; child.prototype = new ctor(); child.__super__ = parent.prototype; return child; };","","  require('./log');","","  expect = require(\"chai\").expect;","","  _ = require(\"underscore\");","","  EventEmitter = require('events').EventEmitter;","","  Meteor = require(\"./Meteor\");","","  Phantomjs = require(\"./Phantomjs\");","","  XunitFilePipe = require('./XunitFilePipe');","","  Spacejam = (function(_super) {","    var instance;","","    __extends(Spacejam, _super);","","    instance = null;","","    Spacejam.get = function() {","      return instance != null ? instance : instance = new Spacejam();","    };","","    Spacejam.prototype.defaultOptions = function() {","      return {","        'phantomjs-script': 'phantomjs-test-in-console.js',","        'phantomjs-options': '--load-images=no --ssl-protocol=TLSv1'","      };","    };","","    Spacejam.prototype.meteor = null;","","    Spacejam.prototype.waitForMeteorMongodbKillDone = false;","","    Spacejam.prototype.phantomjs = null;","","    Spacejam.prototype.doneCode = null;","","    Spacejam.prototype.childrenKilled = false;","","    Spacejam.DONE = {","      TEST_SUCCESS: 0,","      TEST_FAILED: 2,","      METEOR_ERROR: 3,","      TEST_TIMEOUT: 4,","      ALREADY_RUNNING: 5,","      CLIENT_ERROR: 6","    };","","    Spacejam.DONE_MESSAGE = [\"All tests have passed\", \"Usage error\", \"Some tests have failed\", \"meteor is crashing server side\", \"Total timeout for tests has been reached\", \"spacejam is already running\", \"Unhandled error in meteor client side code\"];","","    function Spacejam() {","      this.onMeteorMongodbKillDone = __bind(this.onMeteorMongodbKillDone, this);","      log.debug(\"Spacejam.constructor()\");","    }","","    Spacejam.prototype.runTests = function(command, options) {","      var err;","      if (options == null) {","        options = {};","      }","      log.debug(\"Spacejam.testPackages()\", options);","      expect(options).to.be.an(\"object\");","      expect(command).to.be.a(\"string\");","      if (options.timeout != null) {","        expect(options.timeout).to.be.a('number');","      }","      if (options['crash-spacejam-after'] != null) {","        expect(options['crash-spacejam-after']).to.be.a('number');","      }","      expect(this.meteor, \"Meteor is already running\").to.be[\"null\"];","      this.options = _.extend(this.defaultOptions(), options);","      log.debug(this.options);","      try {","        this.meteor = new Meteor();","        this.phantomjs = new Phantomjs();","      } catch (_error) {","        err = _error;","        console.trace(err);","        this.emit(\"done\", 1);","        return;","      }","      this.meteor.on(\"exit\", (function(_this) {","        return function(code) {","          log.debug(\"Spacejam.meteor.on 'exit':\", arguments);","          _this.meteor = null;","          if (code) {","            return _this.killChildren(Spacejam.DONE.METEOR_ERROR);","          }","        };","      })(this));","      this.meteor.on(\"mongodb ready\", (function(_this) {","        return function() {","          log.info(\"spacejam: meteor mongodb is ready\");","          _this.waitForMeteorMongodbKillDone = true;","          return _this.meteor.mongodb.on(\"kill-done\", _this.onMeteorMongodbKillDone);","        };","      })(this));","      this.meteor.on(\"ready\", (function(_this) {","        return function() {","          var pipeClass, scriptArgs, spawnOptions;","          log.info(\"spacejam: meteor is ready\");","          scriptArgs = '';","          pipeClass = null;","          spawnOptions = {};","          return _this.runPhantom();","        };","      })(this));","      this.meteor.on(\"error\", (function(_this) {","        return function() {","          log.error(\"spacejam: meteor has errors\");","          if (!_this.options.watch) {","            return _this.killChildren(Spacejam.DONE.METEOR_ERROR);","          }","        };","      })(this));","      try {","        this.meteor.runTestCommand(command, this.options);","      } catch (_error) {","        err = _error;","        console.trace(err);","        this.emit(\"done\", 1);","        return;","      }","      if ((this.options.timeout != null) && +this.options.timeout > 0) {","        setTimeout((function(_this) {","          return function() {","            log.error(\"spacejam: Error: tests timed out after \" + options.timeout + \" milliseconds.\");","            return _this.killChildren(Spacejam.DONE.TEST_TIMEOUT);","          };","        })(this), +options.timeout);","      }","      if ((this.options['crash-spacejam-after'] != null) && +this.options['crash-spacejam-after'] > 0) {","        return setTimeout((function(_this) {","          return function() {","            throw new Error(\"Testing spacejam crashing.\");","          };","        })(this), +options['crash-spacejam-after']);","      }","    };","","    Spacejam.prototype.runPhantom = function() {","      var pipeClass, pipeClassOptions, url;","      log.debug(\"Spacejam.runPhantom()\");","      expect(this.phantomjs).to.be.ok;","      expect(this.meteor.options[\"root-url\"]).to.be.ok;","      expect(this.options[\"phantomjs-options\"]).to.be.ok;","      expect(this.options[\"phantomjs-script\"]).to.be.ok;","      url = this.meteor.options[\"root-url\"];","      if (this.options['xunit-out'] != null) {","        url += 'xunit';","        pipeClass = XunitFilePipe;","        pipeClassOptions = {","          pipeToFile: this.options['xunit-out']","        };","      } else {","        url += 'local';","      }","      this.phantomjs.on(\"exit\", (function(_this) {","        return function(code, signal) {","          var _ref;","          _this.phantomjs = null;","          if ((_ref = _this.meteor) != null) {","            _ref.kill();","          }","          if (code != null) {","            return _this.done(code);","          }","        };","      })(this));","      return this.phantomjs.run(url, this.options['phantomjs-options'], this.options['phantomjs-script'], pipeClass, pipeClassOptions, this.options['use-system-phantomjs'] != null);","    };","","    Spacejam.prototype.onMeteorMongodbKillDone = function() {","      log.debug(\"Spacejam.onMeteorMongodbKillDone()\", this.doneCode);","      return this.emit(\"done\", this.doneCode);","    };","","    Spacejam.prototype.killChildren = function(code) {","      var _ref, _ref1;","      if (code == null) {","        code = 1;","      }","      log.debug(\"Spacejam.killChildren()\", arguments);","      expect(code, \"Invalid exit code\").to.be.a(\"number\");","      if (!this.childrenKilled) {","        if ((_ref = this.meteor) != null) {","          _ref.kill();","        }","        if ((_ref1 = this.phantomjs) != null) {","          _ref1.kill();","        }","      }","      this.childrenKilled = true;","      return this.done(code);","    };","","    Spacejam.prototype.done = function(code) {","      var _ref;","      log.debug(\"Spacejam.done()\", arguments);","      expect(code, \"Invalid done code\").to.be.a(\"number\");","      log.debug('Spacejam.done() @meteor?=' + (this.meteor != null));","      this.waitForMeteorMongodbKillDone = (_ref = this.meteor) != null ? _ref.hasMongodb() : void 0;","      log.debug('Spacejam.done() @waitForMeteorMongodbKillDone=' + this.waitForMeteorMongodbKillDone);","      if (!this.waitForMeteorMongodbKillDone) {","        this.emit(\"done\", code);","      }","      log.debug('Spacejam.done() waiting for mongodb to exit before calling done');","      return this.doneCode = code;","    };","","    return Spacejam;","","  })(EventEmitter);","","  module.exports = Spacejam;","","}).call(this);",""],"l":{"2":1,"3":1,"4":0,"6":5,"8":1,"10":1,"12":1,"14":1,"16":1,"18":1,"20":1,"22":1,"23":1,"25":1,"27":1,"29":1,"30":0,"33":1,"34":0,"40":1,"42":1,"44":1,"46":1,"48":1,"50":1,"59":1,"61":1,"62":0,"63":0,"66":1,"67":0,"68":0,"69":0,"71":0,"72":0,"73":0,"74":0,"75":0,"77":0,"78":0,"80":0,"81":0,"82":0,"83":0,"84":0,"85":0,"87":0,"88":0,"89":0,"90":0,"92":0,"93":0,"94":0,"95":0,"96":0,"97":0,"101":0,"102":0,"103":0,"104":0,"105":0,"108":0,"109":0,"110":0,"111":0,"112":0,"113":0,"114":0,"115":0,"118":0,"119":0,"120":0,"121":0,"122":0,"126":0,"127":0,"129":0,"130":0,"131":0,"132":0,"134":0,"135":0,"136":0,"137":0,"138":0,"142":0,"143":0,"144":0,"145":0,"151":1,"152":0,"153":0,"154":0,"155":0,"156":0,"157":0,"158":0,"159":0,"160":0,"161":0,"162":0,"166":0,"168":0,"169":0,"170":0,"171":0,"172":0,"173":0,"175":0,"176":0,"180":0,"183":1,"184":0,"185":0,"188":1,"189":0,"190":0,"191":0,"193":0,"194":0,"195":0,"196":0,"197":0,"199":0,"200":0,"203":0,"204":0,"207":1,"208":0,"209":0,"210":0,"211":0,"212":0,"213":0,"214":0,"215":0,"217":0,"218":0,"221":1,"225":1}},"/home/travis/build/npmtest/node-npmtest-spacejam/node_modules/spacejam/lib/log.js":{"path":"/home/travis/build/npmtest/node-npmtest-spacejam/node_modules/spacejam/lib/log.js","s":{"1":1,"2":1,"3":1,"4":1,"5":1},"b":{},"f":{"1":1},"fnMap":{"1":{"name":"(anonymous_1)","line":2,"loc":{"start":{"line":2,"column":1},"end":{"line":2,"column":12}}}},"statementMap":{"1":{"start":{"line":2,"column":0},"end":{"line":13,"column":14}},"2":{"start":{"line":3,"column":2},"end":{"line":3,"column":19}},"3":{"start":{"line":5,"column":2},"end":{"line":5,"column":35}},"4":{"start":{"line":7,"column":2},"end":{"line":9,"column":5}},"5":{"start":{"line":11,"column":2},"end":{"line":11,"column":41}}},"branchMap":{},"code":["// Generated by CoffeeScript 1.8.0","(function() {","  var logLevelOpts;","","  global.log = require('loglevel');","","  logLevelOpts 
[...]
function ctor() { this.constructor = child; } ctor.prototype = parent.prototype; child.prototype = new ctor(); child.__super__ = parent.prototype; return child; };","","  fs = require('fs');","","  Pipe = require(\"./Pipe\");","","  XunitFilePipe = (function(_super) {","    __extends(XunitFilePipe, _super);","","    function XunitFilePipe(stdout, stderr, options) {","      var outputFile, outputStream;","      this.stdout = stdout;","      this.stderr = stderr;","      this.options = options;","      this.stdout.setEncoding(\"utf8\");","      this.stderr.setEncoding(\"utf8\");","      outputFile = this.options.pipeToFile;","      outputStream = fs.createWriteStream(outputFile, {","        flags: 'w',","        encoding: 'utf8'","      });","      this.stdoutBuffer = '';","      this.stdout.on(\"data\", (function(_this) {","        return function(data) {","          var line, lines, _i, _len, _results;","          _this.stdoutBuffer += data;","          lines = _this.stdoutBuffer.split('\\n');","          if (lines.length === 1) {","            return;","          }","          _this.stdoutBuffer = lines.pop();","          _results = [];","          for (_i = 0, _len = lines.length; _i < _len; _i++) {","            line = lines[_i];","            if (line.indexOf('##_meteor_magic##xunit: ') === 0) {","              _results.push(outputStream.write(line.substr(24) + '\\n'));","            } else {","              _results.push(process.stdout.write(line + '\\n'));","            }","          }","          return _results;","        };","      })(this));","      this.stderr.on(\"data\", (function(_this) {","        return function(data) {","          return process.stderr.write(data);","        };","      })(this));","    }","","    return XunitFilePipe;","","  })(Pipe);","","  module.exports = XunitFilePipe;","","}).call(this);",""],"l":{"2":1,"3":1,"5":1,"7":1,"9":1,"11":1,"12":1,"14":1,"15":0,"16":0,"17":0,"18":0,"19":0,"20":0,"21":0,"22":0,"26":0,"27":0,"28":0,"29":0,"30":0,"31":0,"32":0,"33":0,"35":0,"36":0,"37":0,"38":0,"39":0,"40":0,"42":0,"45":0,"48":0,"49":0,"50":0,"55":1,"59":1}},"/home/travis/build/npmtest/node-npmtest-spacejam/node_modules/spacejam/bin/mongo-reset.js":{"path":"/home/travis/build/npmtest/node-npmtest-spacejam/node_modules/spacejam/bin/mongo-reset.js","s":{"1":2,"2":0,"3":0,"4":0,"5":0},"b":{"1":[0,0],"2":[0,0,0]},"f":{},"fnMap":{},"statementMap":{"1":{"start":{"line":1,"column":0},"end":{"line":1,"column":46}},"2":{"start":{"line":2,"column":0},"end":{"line":7,"column":1}},"3":{"start":{"line":3,"column":4},"end":{"line":3,"column":44}},"4":{"start":{"line":4,"column":4},"end":{"line":6,"column":5}},"5":{"start":{"line":5,"column":8},"end":{"line":5,"column":34}}},"branchMap":{"1":{"line":4,"type":"if","locations":[{"start":{"line":4,"column":4},"end":{"line":4,"column":4}},{"start":{"line":4,"column":4},"end":{"line":4,"column":4}}]},"2":{"line":4,"type":"binary-expr","locations":[{"start":{"line":4,"column":7},"end":{"line":4,"column":39}},{"start":{"line":4,"column":43},"end":{"line":4,"column":77}},{"start":{"line":4,"column":81},"end":{"line":4,"column":99}}]}},"code":["var collectionNames = db.getCollectionNames();","for(var i = 0, len = collectionNames.length; i < len ; i++){","    var collectionName = collectionNames[i];","    if(collectionName != \"system.users\" && collectionName != \"system.indexes\" && db[collectionName]){","        db[collectionName].drop();","    }","}"],"l":{"1":2,"2":0,"3":0,"4":0,"5":0}},"/home/travis/build/npmtest/node-npmtest-spacejam/node_modules/spacejam/lib/CLI.js":{"path":"/home/travis/build/npmtest/node-npmtest-spacejam/node_modules/spacejam/lib/CLI.js","s":{"1":1,"2":1,"3":0,"4":0,"5":1,"6":1,"7":1,"8":1,"9":1,"10":1,"11":1,"12":1,"13":0,"14":1,"15":1,"16":1,"17":1,"18":0,"19":1,"20":1,"21":1,"22":1,"23":1,"24":0,"25":0,"26":0,"27":0,"28":0,"29":0,"30":0,"31":0,"32":1,"33":0,"34":0,"35":0,"36":0,"37":0,"38":0,"39":0,"40":1,"41":0,"42":0,"43":0,"44":0,"45":0,"46":0,"47":0,"48":0,"49":0,"50":0,"51":0,"52":0,"53":0,"54":0,"55":0,"56":0,"57":0,"58":0,"59":0,"60":0,"61":0,"62":0,"63":0,"64":0,"65":0,"66":0,"67":0,"68":0,"69":0,"70":0,"71":0,"72":0,"73":0,"74":0,"75":0,"76":1,"77":0,"78":0,"79":1,"80":1},"b":{"1":[0,0],"2":[0,0],"3":[0,0],"4":[0,0],"5":[0,0],"6":[0,0],"7":[0,0]},"f":{"1":1,"2":0,"3":0,"4":0,"5":1,"6":0,"7":0,"8":0,"9":0,"10":0,"11":0,"12":0,"13":0,"14":0},"fnMap":{"1":{"name":"(anonymous_1)","line":2,"loc":{"start":{"line":2,"column":1},"end":{"line":2,"column":12}}},"2":{"name":"(anonymous_2)","line":4,"loc":{"start":{"line":4,"column":13},"end":{"line":4,"column":29}}},"3":{"name":"(anonymous_3)","line":4,"loc":{"start":{"line":4,"column":38},"end":{"line":4,"column":48}}},"4":{"name":"(anonymous_4)","line":20,"loc":{"start":{"line":20,"column":31},"end":{"line":20,"column":58}}},"5":{"name":"(anonymous_5)","line":24,"loc":{"start":{"line":24,"column":9},"end":{"line":24,"column":20}}},"6":{"name":"(anonymous_6)","line":29,"loc":{"start":{"line":29,"column":14},"end":{"line":29,"column":25}}},"7":{"name":"CLI","line":44,"loc":{"start":{"line":44,"column":4},"end":{"line":44,"column":19}}},"8":{"name":"(anonymous_8)","line":48,"loc":{"start":{"line":48,"column":29},"end":{"line":48,"column":45}}},"9":{"name":"(anonymous_9)","line":49,"loc":{"start":{"line":49,"column":15},"end":{"line":49,"column":30}}},"10":{"name":"(anonymous_10)","line":57,"loc":{"start":{"line":57,"column":34},"end":{"line":57,"column":49}}},"11":{"name":"(anonymous_11)","line":69,"loc":{"start":{"line":69,"column":25},"end":{"line":69,"column":36}}},"12":{"name":"(anonymous_12)","line":94,"loc":{"start":{"line":94,"column":32},"end":{"line":94,"column":48}}},"13":{"name":"(anonymous_13)","line":95,"loc":{"start":{"line":95,"column":15},"end":{"line":95,"column":30}}},"14":{"name":"(anonymous_14)","line":116,"loc":{"start":{"line":116,"column":30},"end":{"line":116,"column":41}}}},"statementMap":{"1":{"start":{"line":2,"column":0},"end":{"line":127,"column":14}},"2":{"start":{"line":3,"column":2},"end":{"line":4,"column":87}},"3":{"start":{"line":4,"column":31},"end":{"line":4,"column":84}},"4":{"start":{"line":4,"column":50},"end":{"line":4,"column":81}},"5":{"start":{"line":6,"column":2},"end":{"line":6,"column":19}},"6":{"start":{"line":8,"column":2},"end":{"line":8,"column":21}},"7":{"start":{"line":10,"column":2},"end":{"line":10,"column":25}},"8":{"start":{"line":12,"column":2},"end":{"line":12,"column":28}},"9":{"start":{"line":14,"column":2},"end":{"line":14,"column":34}},"10":{"start":{"line":16,"column":2},"end":{"line":16,"column":35}},"11":{"start":{"line":18,"column":2},"end":{"line":18,"column":31}},"12":{"start":{"line":20,"column":2},"end":{"line":22,"column":4}},"13":{"start":{"line":21,"column":4},"end":{"line":21,"column":62}},"14":{"start":{"line":24,"column":2},"end":{"line":123,"column":7}},"15":{"start":{"line":25,"column":4},"end":{"line":25,"column":17}},"16":{"start":{"line":27,"column":4},"end":{"line":27,"column":20}},"17":{"start":{"line":29,"column":4},"end":{"line":31,"column":6}},"18":{"start":{"line":30,"column":6},"end":{"line":30,"column":64}},"19":{"start":{"line":33,"column":4},"end":{"line":36,"column":6}},"20":{"start":{"line":38,"column":4},"end":{"line":38,"column":33}},"21":{"start":{"line":40,"column":4},"end":{"line":40,"column":34}},"22":{"start":{"line":42,"column":4},"end":{"line":42,"column":33}},"23":{"start":{"line":44,"column":4},"end":{"line":55,"column":5}},"24":{"start":{"line":45,"column":6},"end":{"line":45,"column":60}},"25":{"start":{"line":46,"column":6},"end":{"line":46,"column":37}},"26":{"start":{"line":47,"column":6},"end":{"line":47,"column":37}},"27":{"start":{"line":48,"column":6},"end":{"line":54,"column":16}},"28":{"start":{"line":49,"column":8},"end":{"line":53,"column":10}},"29":{"start":{"line":50,"column":10},"end":{"line":50,"column":19}},"30":{"start":{"line":51,"column":10},"end":{"line":51,"column":90}},"31":{"start":{"line":52,"column":10},"end":{"line":52,"column":80}},"32":{"start":{"line":57,"column":4},"end":{"line":67,"column":6}},"33":{"start":{"line":58,"column":6},"end":{"line":58,"column":14}},"34":{"start":{"line":59,"column":6},"end":{"line":59,"column":91}},"35":{"start":{"line":60,"column":6},"end":{"line":66,"column":7}},"36":{"start":{"line":61,"column":8},"end":{"line":61,"column":43}},"37":{"start":{"line":63,"column":8},"end":{"line":63,"column":21}},"38":{"start":{"line":64,"column":8},"end":{"line":64,"column":23}},"39":{"start":{"line":65,"column":8},"end":{"line":65,"column":83}},"40":{"start":{"line":69,"column":4},"end":{"line":114,"column":6}},"41":{"start":{"line":70,"column":6},"end":{"line":70,"column":32}},"42":{"start":{"line":71,"column":6},"end":{"line":71,"column":30}},"43":{"start":{"line":72,"column":6},"end":{"line":72,"column":78}},"44":{"start":{"line":73,"column":6},"end":{"line":73,"column":51}},"45":{"start":{"line":74,"column":6},"end":{"line":74,"column":34}},"46":{"start":{"line":75,"column":6},"end":{"line":75,"column":39}},"47":{"start":{"line":76,"column":6},"end":{"line":83,"column":7}},"48":{"start":{"line":77,"column":8},"end":{"line":77,"column":25}},"49":{"start":{"line":78,"column":8},"end":{"line":78,"column":24}},"50":{"start":{"line":79,"column":13},"end":{"line":83,"column":7}},"51":{"start":{"line":80,"column":8},"end":{"line":80,"column":45}},"52":{"start":{"line":81,"column":8},"end":{"line":81,"column":29}},"53":{"start":{"line":82,"column":8},"end":{"line":82,"column":24}},"54":{"start":{"line":84,"column":6},"end":{"line":89,"column":7}},"55":{"start":{"line":85,"column":8},"end":{"line":87,"column":9}},"56":{"start":{"line":86,"column":10},"end":{"line":86,"column":90}},"57":{"start":{"line":88,"column":8},"end":{"line":88,"column":32}},"58":{"start":{"line":90,"column":6},"end":{"line":90,"column":54}},"59":{"start":{"line":91,"column":6},"end":{"line":91,"column":37}},"60":{"start":{"line":92,"column":6},"end":{"line":92,"column":28}},"61":{"start":{"line":93,"column":6},"end":{"line":93,"column":53}},"62":{"start":{"line":94,"column":6},"end":{"line":105,"column":16}},"63":{"start":{"line":95,"column":8},"end":{"line":104,"column":10}},"64":{"start":{"line":96,"column":10},"end":{"line":96,"column":22}},"65":{"start":{"line":97,"column":10},"end":{"line":101,"column":11}},"66":{"start":{"line":98,"column":12},"end":{"line":98,"column":80}},"67":{"start":{"line":100,"column":12},"end":{"line":100,"column":88}},"68":{"start":{"line":102,"column":10},"end":{"line":102,"column":29}},"69":{"start":{"line":103,"column":10},"end":{"line":103,"column":36}},"70":{"start":{"line":106,"column":6},"end":{"line":113,"column":7}},"71":{"start":{"line":107,"column":8},"end":{"line":107,"column":61}},"72":{"start":{"line":109,"column":8},"end":{"line":109,"column":21}},"73":{"start":{"line":110,"column":8},"end":{"line":110,"column":27}},"74":{"start":{"line":111,"column":8},"end":{"line":111,"column":71}},"75":{"start":{"line":112,"column":8},"end":{"line":112,"column":31}},"76":{"start":{"line":116,"column":4},"end":{"line":119,"column":6}},"77":{"start":{"line":117,"column":6},"end":{"line":117,"column":35}},"78":{"start":{"line":118,"column":6},"end":{"line":118,"column":62}},"79":{"start":{"line":121,"column":4},"end":{"line":121,"column":15}},"80":{"start":{"line":125,"column":2},"end":{"line":125,"column":23}}},"branchMap":{"1":{"line":30,"type":"cond-expr","locations":[{"start":{"line":30,"column":32},"end":{"line":30,"column":40}},{"start":{"line":30,"column":43},"end":{"line":30,"column":63}}]},"2":{"line":52,"type":"cond-expr","locations":[{"start":{"line":52,"column":51},"end":{"line":52,"column":70}},{"start":{"line":52,"column":73},"end":{"line":52,"column":79}}]},"3":{"line":76,"type":"if","locations":[{"start":{"line":76,"column":6},"end":{"line":76,"column":6}},{"start":{"line":76,"column":6},"end":{"line":76,"column":6}}]},"4":{"line":79,"type":"if","locations":[{"start":{"line":79,"column":13},"end":{"line":79,"column":13}},{"start":{"line":79,"column":13},"end":{"line":79,"column":13}}]},"5":{"line":84,"type":"if","locations":[{"start":{"line":84,"column":6},"end":{"line":84,"column":6}},{"start":{"line":84,"column":6},"end":{"line":84,"column":6}}]},"6":{"line":85,"type":"if","locations":[{"start":{"line":85,"column":8},"end":{"line":85,"column":8}},{"start":{"line":85,"column":8},"end":{"line":85,"column":8}}]},"7":{"line":97,"type":"if","locations":[{"start":{"line":97,"column":10},"end":{"line":97,"column":10}},{"start":{"line":97,"column":10},"end":{"line":97,"column":10}}]}},"code":["// Generated by CoffeeScript 1.8.0","(function() {","  var CLI, Meteor, Spacejam, expect, fs, path, _,","    __bind = function(fn, me){ return function(){ return fn.apply(me, arguments); }; };","","  require('./log');","","  fs = require(\"fs\");","","  path = require(\"path\");","","  _ = require(\"underscore\");","","  expect = require(\"chai\").expect;","","  Spacejam = require('./Spacejam');","","  Meteor = require('./Meteor');","","  require.extensions['.txt'] = function(module, filename) {","    return module.exports = fs.readFileSync(filename, 'utf8');","  };","","  CLI = (function() {","    var instance;","","    instance = null;","","    CLI.get = function() {","      return instance != null ? instance : instance = new CLI();","    };","","    CLI.prototype.commands = {","      \"test\": \"testApp\",","      \"test-packages\": \"testPackages\"","    };","","    CLI.prototype.options = null;","","    CLI.prototype.spacejam = null;","","    CLI.prototype.pidPath = null;","","    function CLI() {","      this.onProcessExit = __bind(this.onProcessExit, this);","      this.spacejam = new Spacejam();","      log.debug(\"CLI.constructor()\");","      process.on('SIGPIPE', (function(_this) {","        return function(code) {","          var _ref;","          log.info(\"spacejam: Received a SIGPIPE signal. Killing all child processes...\");","          return (_ref = _this.spacejam) != null ? _ref.killChildren() : void 0;","        };","      })(this));","    }","","    CLI.prototype.onProcessExit = function(code) {","      var err;","      log.info(\"spacejam: spacejam is exiting with code \" + code + \", deleting pid file.\");","      try {","        return fs.unlinkSync(this.pidPath);","      } catch (_error) {","        err = _error;","        log.trace(err);","        return log.error(\"spacejam: Error deleting pid file \" + this.pidPath, err);","      }","    };","","    CLI.prototype.exec = function() {","      var command, err, version;","      log.debug(\"CLI.exec()\");","      expect(this.options, \"You can only call CLI.exec() once\").to.be[\"null\"];","      this.options = require(\"rc\")(\"spacejam\", {});","      command = this.options._[0];","      log.debug(\"command: \" + command);","      if (command === 'help') {","        this.printHelp();","        process.exit(0);","      } else if (command === 'package-version') {","        version = Meteor.getPackageVersion();","        console.log(version);","        process.exit(0);","      }","      if (!_.has(this.commands, command)) {","        if (command) {","          log.error(\"spacejam: Error: \\n'\" + command + \"' is not a recognized command\\n\");","        }","        return this.printHelp();","      }","      this.options.packages = this.options._.slice(1);","      this.options.command = command;","      delete this.options._;","      log.debug(\"CLI.exec() options:\", this.options);","      this.spacejam.on('done', (function(_this) {","        return function(code) {","          var exitMsg;","          if (Spacejam.DONE_MESSAGE[code] != null) {","            exitMsg = \"spacejam: \" + Spacejam.DONE_MESSAGE[code] + \". Exiting.\";","          } else {","            exitMsg = \"spacejam: Unknown error with exit code '\" + code + \"'. Exiting.\";","          }","          log.error(exitMsg);","          return process.exit(code);","        };","      })(this));","      try {","        return this.spacejam.runTests(command, this.options);","      } catch (_error) {","        err = _error;","        console.trace(err);","        log.error(\"spacejam: Usage or initialization error. Exiting.\");","        return process.exit(1);","      }","    };","","    CLI.prototype.printHelp = function() {","      log.debug(\"CLI.printHelp()\");","      return process.stdout.write(require('../bin/help.txt'));","    };","","    return CLI;","","  })();","","  module.exports = CLI;","","}).call(this);",""],"l":{"2":1,"3":1,"4":0,"6":1,"8":1,"10":1,"12":1,"14":1,"16":1,"18":1,"20":1,"21":0,"24":1,"25":1,"27":1,"29":1,"30":0,"33":1,"38":1,"40":1,"42":1,"44":1,"45":0,"46":0,"47":0,"48":0,"49":0,"50":0,"51":0,"52":0,"57":1,"58":0,"59":0,"60":0,"61":0,"63":0,"64":0,"65":0,"69":1,"70":0,"71":0,"72":0,"73":0,"74":0,"75":0,"76":0,"77":0,"78":0,"79":0,"80":0,"81":0,"82":0,"84":0,"85":0,"86":0,"88":0,"90":0,"91":0,"92":0,"93":0,"94":0,"95":0,"96":0,"97":0,"98":0,"100":0,"102":0,"103":0,"106":0,"107":0,"109":0,"110":0,"111":0,"112":0,"116":1,"117":0,"118":0,"121":1,"125":1}},"/home/travis/build/npmtest/node-npmtest-spacejam/node_modules/spacejam/lib/PackageJSStubs.js":{"path":"/home/travis/build/npmtest/node-npmtest-spacejam/node_modules/spacejam/lib/PackageJSStubs.js","s":{"1":1,"2":1,"3":0,"4":1,"5":1},"b":{},"f":{"1":1,"2":0,"3":0,"4":0,"5":0,"6":0,"7":0,"8":0,"9":0,"10":0,"11":0,"12":0,"13":0},"fnMap":{"1":{"name":"(anonymous_1)","line":2,"loc":{"start":{"line":2,"column":1},"end":{"line":2,"column":12}}},"2":{"name":"(anonymous_2)","line":5,"loc":{"start":{"line":5,"column":14},"end":{"line":5,"column":32}}},"3":{"name":"(anonymous_3)","line":8,"loc":{"start":{"line":8,"column":11},"end":{"line":8,"column":23}}},"4":{"name":"(anonymous_4)","line":9,"loc":{"start":{"line":9,"column":12},"end":{"line":9,"column":24}}},"5":{"name":"(anonymous_5)","line":10,"loc":{"start":{"line":10,"column":12},"end":{"line":10,"column":24}}},"6":{"name":"(anonymous_6)","line":11,"loc":{"start":{"line":11,"column":13},"end":{"line":11,"column":25}}},"7":{"name":"(anonymous_7)","line":12,"loc":{"start":{"line":12,"column":25},"end":{"line":12,"column":43}}},"8":{"name":"(anonymous_8)","line":13,"loc":{"start":{"line":13,"column":39},"end":{"line":13,"column":57}}},"9":{"name":"(anonymous_9)","line":14,"loc":{"start":{"line":14,"column":17},"end":{"line":14,"column":28}}},"10":{"name":"(anonymous_10)","line":18,"loc":{"start":{"line":18,"column":13},"end":{"line":18,"column":40}}},"11":{"name":"(anonymous_11)","line":19,"loc":{"start":{"line":19,"column":11},"end":{"line":19,"column":30}}},"12":{"name":"(anonymous_12)","line":20,"loc":{"start":{"line":20,"column":13},"end":{"line":20,"column":28}}},"13":{"name":"(anonymous_13)","line":24,"loc":{"start":{"line":24,"column":13},"end":{"line":24,"column":44}}}},"statementMap":{"1":{"start":{"line":2,"column":0},"end":{"line":27,"column":14}},"2":{"start":{"line":3,"column":2},"end":{"line":15,"column":4}},"3":{"start":{"line":6,"column":6},"end":{"line":6,"column":43}},"4":{"start":{"line":17,"column":2},"end":{"line":21,"column":4}},"5":{"start":{"line":23,"column":2},"end":{"line":25,"column":4}}},"branchMap":{},"code":["// Generated by CoffeeScript 1.8.0","(function() {","  global.Package = {","    description: null,","    describe: function(options) {","      return Package.description = options;","    },","    onUse: function(f) {},","    on_use: function(f) {},","    onTest: function(f) {},","    on_test: function(f) {},","    registerBuildPlugin: function(options) {},","    _transitional_registerBuildPlugin: function(options) {},","    includeTool: function() {}","  };","","  global.Npm = {","    depends: function(_npmDependencies) {},","    strip: function(discards) {},","    require: function(name) {}","  };","","  global.Cordova = {","    depends: function(_cordovaDependencies) {}","  };","","}).call(this);",""],"l":{"2":1,"3":1,"6":0,"17":1,"23":1}}}